-- The C compiler identification is GNU 12.3.0
-- The CXX compiler identification is GNU 12.3.0
-- Detecting C compiler ABI info
-- Detecting C compiler ABI info - done
-- Check for working C compiler: /usr/bin/cc - skipped
-- Detecting C compile features
-- Detecting C compile features - done
-- Detecting CXX compiler ABI info
-- Detecting CXX compiler ABI info - done
-- Check for working CXX compiler: /usr/bin/c++ - skipped
-- Detecting CXX compile features
-- Detecting CXX compile features - done
-- Found ament_cmake: 1.3.10 (/opt/ros/humble/share/ament_cmake/cmake)
-- Found Python3: /usr/bin/python3 (found version "3.10.12") found components: Interpreter 
-- Found rclcpp: 16.0.10 (/opt/ros/humble/share/rclcpp/cmake)
-- Found rosidl_generator_c: 3.1.5 (/opt/ros/humble/share/rosidl_generator_c/cmake)
-- Found rosidl_adapter: 3.1.5 (/opt/ros/humble/share/rosidl_adapter/cmake)
-- Found rosidl_generator_cpp: 3.1.5 (/opt/ros/humble/share/rosidl_generator_cpp/cmake)
-- Using all available rosidl_typesupport_c: rosidl_typesupport_fastrtps_c;rosidl_typesupport_introspection_c
-- Using all available rosidl_typesupport_cpp: rosidl_typesupport_fastrtps_cpp;rosidl_typesupport_introspection_cpp
-- Found rmw_implementation_cmake: 6.1.2 (/opt/ros/humble/share/rmw_implementation_cmake/cmake)
-- Found rmw_fastrtps_cpp: 6.2.7 (/opt/ros/humble/share/rmw_fastrtps_cpp/cmake)
-- Found OpenSSL: /usr/lib/x86_64-linux-gnu/libcrypto.so (found version "3.0.2")  
-- Found FastRTPS: /opt/ros/humble/include  
-- Using RMW implementation 'rmw_fastrtps_cpp' as default
-- Looking for pthread.h
-- Looking for pthread.h - found
-- Performing Test CMAKE_HAVE_LIBC_PTHREAD
-- Performing Test CMAKE_HAVE_LIBC_PTHREAD - Success
-- Found Threads: TRUE  
-- Found ament_lint_auto: 0.12.11 (/opt/ros/humble/share/ament_lint_auto/cmake)
-- Added test 'cppcheck' to perform static code analysis on C / C++ code
-- Configured cppcheck include dirs: /home/jialimeng/duo_package_expersence/src/cpp01_topic/core/include;/home/jialimeng/duo_package_expersence/src/cpp01_topic/master/include
-- Configured cppcheck exclude dirs and/or files: 
-- Added test 'lint_cmake' to check CMake code style
-- Added test 'uncrustify' to check C / C++ code style
-- Configured uncrustify additional arguments: 
-- Added test 'xmllint' to check XML markup files
-- Configuring done
-- Generating done
-- Build files have been written to: /home/jialimeng/duo_package_expersence/build/cpp01_topic
[ 25%] [32mBuilding CXX object master/CMakeFiles/mycat.dir/src/cat.cpp.o[0m
[ 50%] [32mBuilding CXX object core/src/CMakeFiles/mydog.dir/dog.cpp.o[0m
[100%] [32m[1mLinking CXX shared library libmycat.so[0m
[100%] [32m[1mLinking CXX shared library libmydog.so[0m
[100%] Built target mydog
[100%] Built target mycat
-- Install configuration: "Debug"
-- Installing: /home/jialimeng/duo_package_expersence/install/cpp01_topic/share/ament_index/resource_index/package_run_dependencies/cpp01_topic
-- Installing: /home/jialimeng/duo_package_expersence/install/cpp01_topic/share/ament_index/resource_index/parent_prefix_path/cpp01_topic
-- Installing: /home/jialimeng/duo_package_expersence/install/cpp01_topic/share/cpp01_topic/environment/ament_prefix_path.sh
-- Installing: /home/jialimeng/duo_package_expersence/install/cpp01_topic/share/cpp01_topic/environment/ament_prefix_path.dsv
-- Installing: /home/jialimeng/duo_package_expersence/install/cpp01_topic/share/cpp01_topic/environment/path.sh
-- Installing: /home/jialimeng/duo_package_expersence/install/cpp01_topic/share/cpp01_topic/environment/path.dsv
-- Installing: /home/jialimeng/duo_package_expersence/install/cpp01_topic/share/cpp01_topic/local_setup.bash
-- Installing: /home/jialimeng/duo_package_expersence/install/cpp01_topic/share/cpp01_topic/local_setup.sh
-- Installing: /home/jialimeng/duo_package_expersence/install/cpp01_topic/share/cpp01_topic/local_setup.zsh
-- Installing: /home/jialimeng/duo_package_expersence/install/cpp01_topic/share/cpp01_topic/local_setup.dsv
-- Installing: /home/jialimeng/duo_package_expersence/install/cpp01_topic/share/cpp01_topic/package.dsv
-- Installing: /home/jialimeng/duo_package_expersence/install/cpp01_topic/share/ament_index/resource_index/packages/cpp01_topic
-- Installing: /home/jialimeng/duo_package_expersence/install/cpp01_topic/share/cpp01_topic/cmake/cpp01_topicConfig.cmake
-- Installing: /home/jialimeng/duo_package_expersence/install/cpp01_topic/share/cpp01_topic/cmake/cpp01_topicConfig-version.cmake
-- Installing: /home/jialimeng/duo_package_expersence/install/cpp01_topic/share/cpp01_topic/package.xml
-- Installing: /home/jialimeng/duo_package_expersence/install/cpp01_topic/lib/cpp01_topic/libmydog.so
-- Installing: /home/jialimeng/duo_package_expersence/install/cpp01_topic/lib/cpp01_topic/libmycat.so
