[0.005s] Invoking command in '/home/jialimeng/duo_package_expersence/build/cpp01_topic': CMAKE_PREFIX_PATH=/opt/ros/humble /usr/bin/cmake /home/jialimeng/duo_package_expersence/src/cpp01_topic -DCMAKE_BUILD_TYPE=Debug -DCMAKE_INSTALL_PREFIX=/home/jialimeng/duo_package_expersence/install/cpp01_topic
[0.036s] -- The C compiler identification is GNU 12.3.0
[0.067s] -- The CXX compiler identification is GNU 12.3.0
[0.071s] -- Detecting C compiler ABI info
[0.111s] -- Detecting C compiler ABI info - done
[0.115s] -- Check for working C compiler: /usr/bin/cc - skipped
[0.115s] -- Detecting C compile features
[0.115s] -- Detecting C compile features - done
[0.117s] -- Detecting CXX compiler ABI info
[0.162s] -- Detecting CXX compiler ABI info - done
[0.166s] -- Check for working CXX compiler: /usr/bin/c++ - skipped
[0.167s] -- Detecting CXX compile features
[0.167s] -- Detecting CXX compile features - done
[0.168s] -- Found ament_cmake: 1.3.10 (/opt/ros/humble/share/ament_cmake/cmake)
[0.249s] -- Found Python3: /usr/bin/python3 (found version "3.10.12") found components: Interpreter 
[0.289s] -- Found rclcpp: 16.0.10 (/opt/ros/humble/share/rclcpp/cmake)
[0.309s] -- Found rosidl_generator_c: 3.1.5 (/opt/ros/humble/share/rosidl_generator_c/cmake)
[0.311s] -- Found rosidl_adapter: 3.1.5 (/opt/ros/humble/share/rosidl_adapter/cmake)
[0.315s] -- Found rosidl_generator_cpp: 3.1.5 (/opt/ros/humble/share/rosidl_generator_cpp/cmake)
[0.320s] -- Using all available rosidl_typesupport_c: rosidl_typesupport_fastrtps_c;rosidl_typesupport_introspection_c
[0.328s] -- Using all available rosidl_typesupport_cpp: rosidl_typesupport_fastrtps_cpp;rosidl_typesupport_introspection_cpp
[0.349s] -- Found rmw_implementation_cmake: 6.1.2 (/opt/ros/humble/share/rmw_implementation_cmake/cmake)
[0.350s] -- Found rmw_fastrtps_cpp: 6.2.7 (/opt/ros/humble/share/rmw_fastrtps_cpp/cmake)
[0.400s] -- Found OpenSSL: /usr/lib/x86_64-linux-gnu/libcrypto.so (found version "3.0.2")  
[0.412s] -- Found FastRTPS: /opt/ros/humble/include  
[0.432s] -- Using RMW implementation 'rmw_fastrtps_cpp' as default
[0.435s] -- Looking for pthread.h
[0.478s] -- Looking for pthread.h - found
[0.478s] -- Performing Test CMAKE_HAVE_LIBC_PTHREAD
[0.520s] -- Performing Test CMAKE_HAVE_LIBC_PTHREAD - Success
[0.521s] -- Found Threads: TRUE  
[0.551s] -- Found ament_lint_auto: 0.12.11 (/opt/ros/humble/share/ament_lint_auto/cmake)
[0.590s] -- Added test 'cppcheck' to perform static code analysis on C / C++ code
[0.590s] -- Configured cppcheck include dirs: /home/jialimeng/duo_package_expersence/src/cpp01_topic/core/include;/home/jialimeng/duo_package_expersence/src/cpp01_topic/master/include
[0.590s] -- Configured cppcheck exclude dirs and/or files: 
[0.591s] -- Added test 'lint_cmake' to check CMake code style
[0.591s] -- Added test 'uncrustify' to check C / C++ code style
[0.591s] -- Configured uncrustify additional arguments: 
[0.592s] -- Added test 'xmllint' to check XML markup files
[0.592s] -- Configuring done
[0.596s] -- Generating done
[0.597s] -- Build files have been written to: /home/jialimeng/duo_package_expersence/build/cpp01_topic
[0.603s] Invoked command in '/home/jialimeng/duo_package_expersence/build/cpp01_topic' returned '0': CMAKE_PREFIX_PATH=/opt/ros/humble /usr/bin/cmake /home/jialimeng/duo_package_expersence/src/cpp01_topic -DCMAKE_BUILD_TYPE=Debug -DCMAKE_INSTALL_PREFIX=/home/jialimeng/duo_package_expersence/install/cpp01_topic
[0.604s] Invoking command in '/home/jialimeng/duo_package_expersence/build/cpp01_topic': CMAKE_PREFIX_PATH=/opt/ros/humble /usr/bin/cmake --build /home/jialimeng/duo_package_expersence/build/cpp01_topic -- -j22 -l22
[0.632s] [ 25%] [32mBuilding CXX object master/CMakeFiles/mycat.dir/src/cat.cpp.o[0m
[0.632s] [ 50%] [32mBuilding CXX object core/src/CMakeFiles/mydog.dir/dog.cpp.o[0m
[0.792s] [100%] [32m[1mLinking CXX shared library libmycat.so[0m
[0.792s] [100%] [32m[1mLinking CXX shared library libmydog.so[0m
[0.840s] [100%] Built target mydog
[0.840s] [100%] Built target mycat
[0.845s] Invoked command in '/home/jialimeng/duo_package_expersence/build/cpp01_topic' returned '0': CMAKE_PREFIX_PATH=/opt/ros/humble /usr/bin/cmake --build /home/jialimeng/duo_package_expersence/build/cpp01_topic -- -j22 -l22
[0.863s] Invoking command in '/home/jialimeng/duo_package_expersence/build/cpp01_topic': CMAKE_PREFIX_PATH=/opt/ros/humble /usr/bin/cmake --install /home/jialimeng/duo_package_expersence/build/cpp01_topic
[0.867s] -- Install configuration: "Debug"
[0.867s] -- Installing: /home/jialimeng/duo_package_expersence/install/cpp01_topic/share/ament_index/resource_index/package_run_dependencies/cpp01_topic
[0.868s] -- Installing: /home/jialimeng/duo_package_expersence/install/cpp01_topic/share/ament_index/resource_index/parent_prefix_path/cpp01_topic
[0.868s] -- Installing: /home/jialimeng/duo_package_expersence/install/cpp01_topic/share/cpp01_topic/environment/ament_prefix_path.sh
[0.868s] -- Installing: /home/jialimeng/duo_package_expersence/install/cpp01_topic/share/cpp01_topic/environment/ament_prefix_path.dsv
[0.868s] -- Installing: /home/jialimeng/duo_package_expersence/install/cpp01_topic/share/cpp01_topic/environment/path.sh
[0.868s] -- Installing: /home/jialimeng/duo_package_expersence/install/cpp01_topic/share/cpp01_topic/environment/path.dsv
[0.868s] -- Installing: /home/jialimeng/duo_package_expersence/install/cpp01_topic/share/cpp01_topic/local_setup.bash
[0.868s] -- Installing: /home/jialimeng/duo_package_expersence/install/cpp01_topic/share/cpp01_topic/local_setup.sh
[0.868s] -- Installing: /home/jialimeng/duo_package_expersence/install/cpp01_topic/share/cpp01_topic/local_setup.zsh
[0.868s] -- Installing: /home/jialimeng/duo_package_expersence/install/cpp01_topic/share/cpp01_topic/local_setup.dsv
[0.868s] -- Installing: /home/jialimeng/duo_package_expersence/install/cpp01_topic/share/cpp01_topic/package.dsv
[0.868s] -- Installing: /home/jialimeng/duo_package_expersence/install/cpp01_topic/share/ament_index/resource_index/packages/cpp01_topic
[0.868s] -- Installing: /home/jialimeng/duo_package_expersence/install/cpp01_topic/share/cpp01_topic/cmake/cpp01_topicConfig.cmake
[0.868s] -- Installing: /home/jialimeng/duo_package_expersence/install/cpp01_topic/share/cpp01_topic/cmake/cpp01_topicConfig-version.cmake
[0.868s] -- Installing: /home/jialimeng/duo_package_expersence/install/cpp01_topic/share/cpp01_topic/package.xml
[0.868s] -- Installing: /home/jialimeng/duo_package_expersence/install/cpp01_topic/lib/cpp01_topic/libmydog.so
[0.869s] -- Installing: /home/jialimeng/duo_package_expersence/install/cpp01_topic/lib/cpp01_topic/libmycat.so
[0.870s] Invoked command in '/home/jialimeng/duo_package_expersence/build/cpp01_topic' returned '0': CMAKE_PREFIX_PATH=/opt/ros/humble /usr/bin/cmake --install /home/jialimeng/duo_package_expersence/build/cpp01_topic
