-- Found ament_cmake: 1.3.10 (/opt/ros/humble/share/ament_cmake/cmake)
-- Found rclcpp: 16.0.10 (/opt/ros/humble/share/rclcpp/cmake)
-- Found rosidl_generator_c: 3.1.5 (/opt/ros/humble/share/rosidl_generator_c/cmake)
-- Found rosidl_adapter: 3.1.5 (/opt/ros/humble/share/rosidl_adapter/cmake)
-- Found rosidl_generator_cpp: 3.1.5 (/opt/ros/humble/share/rosidl_generator_cpp/cmake)
-- Using all available rosidl_typesupport_c: rosidl_typesupport_fastrtps_c;rosidl_typesupport_introspection_c
-- Using all available rosidl_typesupport_cpp: rosidl_typesupport_fastrtps_cpp;rosidl_typesupport_introspection_cpp
-- Found rmw_implementation_cmake: 6.1.2 (/opt/ros/humble/share/rmw_implementation_cmake/cmake)
-- Found rmw_fastrtps_cpp: 6.2.7 (/opt/ros/humble/share/rmw_fastrtps_cpp/cmake)
-- Using RMW implementation 'rmw_fastrtps_cpp' as default
-- Found cpp01_topic: 0.0.0 (/home/jialimeng/duo_package_expersence/install/cpp01_topic/share/cpp01_topic/cmake)
-- Found ament_lint_auto: 0.12.11 (/opt/ros/humble/share/ament_lint_auto/cmake)
-- Added test 'cppcheck' to perform static code analysis on C / C++ code
-- Configured cppcheck include dirs: $<BUILD_INTERFACE:/home/jialimeng/duo_package_expersence/src/cpp02_topic/include>
-- Configured cppcheck exclude dirs and/or files: 
-- Added test 'lint_cmake' to check CMake code style
-- Added test 'uncrustify' to check C / C++ code style
-- Configured uncrustify additional arguments: 
-- Added test 'xmllint' to check XML markup files
-- Configuring done
-- Generating done
-- Build files have been written to: /home/jialimeng/duo_package_expersence/build/cpp02_topic
[35m[1mConsolidate compiler generated dependencies of target helloworld[0m
[ 50%] [32m[1mLinking CXX executable helloworld[0m
[100%] Built target helloworld
-- Install configuration: "Debug"
-- Installing: /home/jialimeng/duo_package_expersence/install/cpp02_topic/lib/cpp02_topic/helloworld
-- Set runtime path of "/home/jialimeng/duo_package_expersence/install/cpp02_topic/lib/cpp02_topic/helloworld" to ""
-- Installing: /home/jialimeng/duo_package_expersence/install/cpp02_topic/share/ament_index/resource_index/package_run_dependencies/cpp02_topic
-- Installing: /home/jialimeng/duo_package_expersence/install/cpp02_topic/share/ament_index/resource_index/parent_prefix_path/cpp02_topic
-- Installing: /home/jialimeng/duo_package_expersence/install/cpp02_topic/share/cpp02_topic/environment/ament_prefix_path.sh
-- Installing: /home/jialimeng/duo_package_expersence/install/cpp02_topic/share/cpp02_topic/environment/ament_prefix_path.dsv
-- Installing: /home/jialimeng/duo_package_expersence/install/cpp02_topic/share/cpp02_topic/environment/path.sh
-- Installing: /home/jialimeng/duo_package_expersence/install/cpp02_topic/share/cpp02_topic/environment/path.dsv
-- Installing: /home/jialimeng/duo_package_expersence/install/cpp02_topic/share/cpp02_topic/local_setup.bash
-- Installing: /home/jialimeng/duo_package_expersence/install/cpp02_topic/share/cpp02_topic/local_setup.sh
-- Installing: /home/jialimeng/duo_package_expersence/install/cpp02_topic/share/cpp02_topic/local_setup.zsh
-- Installing: /home/jialimeng/duo_package_expersence/install/cpp02_topic/share/cpp02_topic/local_setup.dsv
-- Installing: /home/jialimeng/duo_package_expersence/install/cpp02_topic/share/cpp02_topic/package.dsv
-- Installing: /home/jialimeng/duo_package_expersence/install/cpp02_topic/share/ament_index/resource_index/packages/cpp02_topic
-- Installing: /home/jialimeng/duo_package_expersence/install/cpp02_topic/share/cpp02_topic/cmake/cpp02_topicConfig.cmake
-- Installing: /home/jialimeng/duo_package_expersence/install/cpp02_topic/share/cpp02_topic/cmake/cpp02_topicConfig-version.cmake
-- Installing: /home/jialimeng/duo_package_expersence/install/cpp02_topic/share/cpp02_topic/package.xml
