[0.004s] Invoking command in '/home/jialimeng/duo_package_expersence/build/cpp02_topic': AMENT_PREFIX_PATH=/home/jialimeng/duo_package_expersence/install/cpp01_topic:${AMENT_PREFIX_PATH} CMAKE_PREFIX_PATH=/home/jialimeng/duo_package_expersence/install/cpp01_topic:/opt/ros/humble /usr/bin/cmake --build /home/jialimeng/duo_package_expersence/build/cpp02_topic -- -j22 -l22
[0.016s] -- Found ament_cmake: 1.3.10 (/opt/ros/humble/share/ament_cmake/cmake)
[0.081s] -- Found rclcpp: 16.0.10 (/opt/ros/humble/share/rclcpp/cmake)
[0.095s] -- Found rosidl_generator_c: 3.1.5 (/opt/ros/humble/share/rosidl_generator_c/cmake)
[0.097s] -- Found rosidl_adapter: 3.1.5 (/opt/ros/humble/share/rosidl_adapter/cmake)
[0.099s] -- Found rosidl_generator_cpp: 3.1.5 (/opt/ros/humble/share/rosidl_generator_cpp/cmake)
[0.104s] -- Using all available rosidl_typesupport_c: rosidl_typesupport_fastrtps_c;rosidl_typesupport_introspection_c
[0.111s] -- Using all available rosidl_typesupport_cpp: rosidl_typesupport_fastrtps_cpp;rosidl_typesupport_introspection_cpp
[0.126s] -- Found rmw_implementation_cmake: 6.1.2 (/opt/ros/humble/share/rmw_implementation_cmake/cmake)
[0.127s] -- Found rmw_fastrtps_cpp: 6.2.7 (/opt/ros/humble/share/rmw_fastrtps_cpp/cmake)
[0.177s] -- Using RMW implementation 'rmw_fastrtps_cpp' as default
[0.201s] -- Found cpp01_topic: 0.0.0 (/home/jialimeng/duo_package_expersence/install/cpp01_topic/share/cpp01_topic/cmake)
[0.201s] -- Found ament_lint_auto: 0.12.11 (/opt/ros/humble/share/ament_lint_auto/cmake)
[0.236s] -- Added test 'cppcheck' to perform static code analysis on C / C++ code
[0.236s] -- Configured cppcheck include dirs: $<BUILD_INTERFACE:/home/jialimeng/duo_package_expersence/src/cpp02_topic/include>
[0.236s] -- Configured cppcheck exclude dirs and/or files: 
[0.236s] -- Added test 'lint_cmake' to check CMake code style
[0.237s] -- Added test 'uncrustify' to check C / C++ code style
[0.237s] -- Configured uncrustify additional arguments: 
[0.237s] -- Added test 'xmllint' to check XML markup files
[0.237s] -- Configuring done
[0.241s] -- Generating done
[0.242s] -- Build files have been written to: /home/jialimeng/duo_package_expersence/build/cpp02_topic
[0.257s] [35m[1mConsolidate compiler generated dependencies of target helloworld[0m
[0.265s] [ 50%] [32m[1mLinking CXX executable helloworld[0m
[0.311s] /usr/bin/ld: CMakeFiles/helloworld.dir/src/helloworld.cpp.o: in function `main':
[0.311s] /home/jialimeng/duo_package_expersence/src/cpp02_topic/src/helloworld.cpp:11: undefined reference to `Dog::dog_bark()'
[0.311s] /usr/bin/ld: /home/jialimeng/duo_package_expersence/src/cpp02_topic/src/helloworld.cpp:13: undefined reference to `Cat::cat_bark()'
[0.314s] collect2: error: ld returned 1 exit status
[0.315s] gmake[2]: *** [CMakeFiles/helloworld.dir/build.make:159: helloworld] Error 1
[0.315s] gmake[1]: *** [CMakeFiles/Makefile2:137: CMakeFiles/helloworld.dir/all] Error 2
[0.315s] gmake: *** [Makefile:146: all] Error 2
[0.317s] Invoked command in '/home/jialimeng/duo_package_expersence/build/cpp02_topic' returned '2': AMENT_PREFIX_PATH=/home/jialimeng/duo_package_expersence/install/cpp01_topic:${AMENT_PREFIX_PATH} CMAKE_PREFIX_PATH=/home/jialimeng/duo_package_expersence/install/cpp01_topic:/opt/ros/humble /usr/bin/cmake --build /home/jialimeng/duo_package_expersence/build/cpp02_topic -- -j22 -l22
