[0.050s] DEBUG:colcon:Command line arguments: ['/usr/bin/colcon', 'build', '--cmake-args', '-DCMAKE_BUILD_TYPE=Debug']
[0.051s] DEBUG:colcon:Parsed command line arguments: Namespace(log_base=None, log_level=None, verb_name='build', build_base='build', install_base='install', merge_install=False, symlink_install=False, test_result_base=None, continue_on_error=False, executor='parallel', parallel_workers=22, event_handlers=None, ignore_user_meta=False, metas=['./colcon.meta'], base_paths=['.'], packages_ignore=None, packages_ignore_regex=None, paths=None, packages_up_to=None, packages_up_to_regex=None, packages_above=None, packages_above_and_dependencies=None, packages_above_depth=None, packages_select_by_dep=None, packages_skip_by_dep=None, packages_skip_up_to=None, packages_select_build_failed=False, packages_skip_build_finished=False, packages_select_test_failures=False, packages_skip_test_passed=False, packages_select=None, packages_skip=None, packages_select_regex=None, packages_skip_regex=None, packages_start=None, packages_end=None, allow_overriding=[], cmake_args=['-DCMAKE_BUILD_TYPE=Debug'], cmake_target=None, cmake_target_skip_unavailable=False, cmake_clean_cache=False, cmake_clean_first=False, cmake_force_configure=False, ament_cmake_args=None, catkin_cmake_args=None, catkin_skip_building_tests=False, verb_parser=<colcon_defaults.argument_parser.defaults.DefaultArgumentsDecorator object at 0x752c40e58130>, verb_extension=<colcon_core.verb.build.BuildVerb object at 0x752c40fbc670>, main=<bound method BuildVerb.main of <colcon_core.verb.build.BuildVerb object at 0x752c40fbc670>>)
[0.127s] Level 1:colcon.colcon_core.package_discovery:discover_packages(colcon_meta) check parameters
[0.127s] Level 1:colcon.colcon_core.package_discovery:discover_packages(recursive) check parameters
[0.127s] Level 1:colcon.colcon_core.package_discovery:discover_packages(ignore) check parameters
[0.127s] Level 1:colcon.colcon_core.package_discovery:discover_packages(path) check parameters
[0.127s] Level 1:colcon.colcon_core.package_discovery:discover_packages(colcon_meta) discover
[0.127s] Level 1:colcon.colcon_core.package_discovery:discover_packages(recursive) discover
[0.127s] INFO:colcon.colcon_core.package_discovery:Crawling recursively for packages in '/home/jialimeng/duo_package_expersence'
[0.127s] Level 1:colcon.colcon_core.package_identification:_identify(.) by extensions ['ignore', 'ignore_ament_install']
[0.127s] Level 1:colcon.colcon_core.package_identification:_identify(.) by extension 'ignore'
[0.127s] Level 1:colcon.colcon_core.package_identification:_identify(.) by extension 'ignore_ament_install'
[0.127s] Level 1:colcon.colcon_core.package_identification:_identify(.) by extensions ['colcon_pkg']
[0.127s] Level 1:colcon.colcon_core.package_identification:_identify(.) by extension 'colcon_pkg'
[0.128s] Level 1:colcon.colcon_core.package_identification:_identify(.) by extensions ['colcon_meta']
[0.128s] Level 1:colcon.colcon_core.package_identification:_identify(.) by extension 'colcon_meta'
[0.128s] Level 1:colcon.colcon_core.package_identification:_identify(.) by extensions ['ros']
[0.128s] Level 1:colcon.colcon_core.package_identification:_identify(.) by extension 'ros'
[0.133s] Level 1:colcon.colcon_core.package_identification:_identify(.) by extensions ['cmake', 'python']
[0.133s] Level 1:colcon.colcon_core.package_identification:_identify(.) by extension 'cmake'
[0.134s] Level 1:colcon.colcon_core.package_identification:_identify(.) by extension 'python'
[0.134s] Level 1:colcon.colcon_core.package_identification:_identify(.) by extensions ['python_setup_py']
[0.134s] Level 1:colcon.colcon_core.package_identification:_identify(.) by extension 'python_setup_py'
[0.134s] Level 1:colcon.colcon_core.package_identification:_identify(build) by extensions ['ignore', 'ignore_ament_install']
[0.134s] Level 1:colcon.colcon_core.package_identification:_identify(build) by extension 'ignore'
[0.134s] Level 1:colcon.colcon_core.package_identification:_identify(build) ignored
[0.134s] Level 1:colcon.colcon_core.package_identification:_identify(install) by extensions ['ignore', 'ignore_ament_install']
[0.134s] Level 1:colcon.colcon_core.package_identification:_identify(install) by extension 'ignore'
[0.134s] Level 1:colcon.colcon_core.package_identification:_identify(install) ignored
[0.134s] Level 1:colcon.colcon_core.package_identification:_identify(log) by extensions ['ignore', 'ignore_ament_install']
[0.134s] Level 1:colcon.colcon_core.package_identification:_identify(log) by extension 'ignore'
[0.134s] Level 1:colcon.colcon_core.package_identification:_identify(log) ignored
[0.134s] Level 1:colcon.colcon_core.package_identification:_identify(src) by extensions ['ignore', 'ignore_ament_install']
[0.134s] Level 1:colcon.colcon_core.package_identification:_identify(src) by extension 'ignore'
[0.134s] Level 1:colcon.colcon_core.package_identification:_identify(src) by extension 'ignore_ament_install'
[0.134s] Level 1:colcon.colcon_core.package_identification:_identify(src) by extensions ['colcon_pkg']
[0.134s] Level 1:colcon.colcon_core.package_identification:_identify(src) by extension 'colcon_pkg'
[0.134s] Level 1:colcon.colcon_core.package_identification:_identify(src) by extensions ['colcon_meta']
[0.134s] Level 1:colcon.colcon_core.package_identification:_identify(src) by extension 'colcon_meta'
[0.134s] Level 1:colcon.colcon_core.package_identification:_identify(src) by extensions ['ros']
[0.134s] Level 1:colcon.colcon_core.package_identification:_identify(src) by extension 'ros'
[0.134s] Level 1:colcon.colcon_core.package_identification:_identify(src) by extensions ['cmake', 'python']
[0.134s] Level 1:colcon.colcon_core.package_identification:_identify(src) by extension 'cmake'
[0.134s] Level 1:colcon.colcon_core.package_identification:_identify(src) by extension 'python'
[0.134s] Level 1:colcon.colcon_core.package_identification:_identify(src) by extensions ['python_setup_py']
[0.134s] Level 1:colcon.colcon_core.package_identification:_identify(src) by extension 'python_setup_py'
[0.134s] Level 1:colcon.colcon_core.package_identification:_identify(src/cpp01_topic) by extensions ['ignore', 'ignore_ament_install']
[0.134s] Level 1:colcon.colcon_core.package_identification:_identify(src/cpp01_topic) by extension 'ignore'
[0.134s] Level 1:colcon.colcon_core.package_identification:_identify(src/cpp01_topic) by extension 'ignore_ament_install'
[0.134s] Level 1:colcon.colcon_core.package_identification:_identify(src/cpp01_topic) by extensions ['colcon_pkg']
[0.134s] Level 1:colcon.colcon_core.package_identification:_identify(src/cpp01_topic) by extension 'colcon_pkg'
[0.134s] Level 1:colcon.colcon_core.package_identification:_identify(src/cpp01_topic) by extensions ['colcon_meta']
[0.134s] Level 1:colcon.colcon_core.package_identification:_identify(src/cpp01_topic) by extension 'colcon_meta'
[0.134s] Level 1:colcon.colcon_core.package_identification:_identify(src/cpp01_topic) by extensions ['ros']
[0.134s] Level 1:colcon.colcon_core.package_identification:_identify(src/cpp01_topic) by extension 'ros'
[0.136s] DEBUG:colcon.colcon_core.package_identification:Package 'src/cpp01_topic' with type 'ros.ament_cmake' and name 'cpp01_topic'
[0.136s] Level 1:colcon.colcon_core.package_identification:_identify(src/cpp02_topic) by extensions ['ignore', 'ignore_ament_install']
[0.136s] Level 1:colcon.colcon_core.package_identification:_identify(src/cpp02_topic) by extension 'ignore'
[0.136s] Level 1:colcon.colcon_core.package_identification:_identify(src/cpp02_topic) by extension 'ignore_ament_install'
[0.136s] Level 1:colcon.colcon_core.package_identification:_identify(src/cpp02_topic) by extensions ['colcon_pkg']
[0.136s] Level 1:colcon.colcon_core.package_identification:_identify(src/cpp02_topic) by extension 'colcon_pkg'
[0.136s] Level 1:colcon.colcon_core.package_identification:_identify(src/cpp02_topic) by extensions ['colcon_meta']
[0.136s] Level 1:colcon.colcon_core.package_identification:_identify(src/cpp02_topic) by extension 'colcon_meta'
[0.136s] Level 1:colcon.colcon_core.package_identification:_identify(src/cpp02_topic) by extensions ['ros']
[0.136s] Level 1:colcon.colcon_core.package_identification:_identify(src/cpp02_topic) by extension 'ros'
[0.136s] DEBUG:colcon.colcon_core.package_identification:Package 'src/cpp02_topic' with type 'ros.ament_cmake' and name 'cpp02_topic'
[0.136s] Level 1:colcon.colcon_core.package_discovery:discover_packages(recursive) using defaults
[0.136s] Level 1:colcon.colcon_core.package_discovery:discover_packages(ignore) discover
[0.136s] Level 1:colcon.colcon_core.package_discovery:discover_packages(ignore) using defaults
[0.136s] Level 1:colcon.colcon_core.package_discovery:discover_packages(path) discover
[0.136s] Level 1:colcon.colcon_core.package_discovery:discover_packages(path) using defaults
[0.147s] Level 1:colcon.colcon_core.package_discovery:discover_packages(prefix_path) check parameters
[0.147s] Level 1:colcon.colcon_core.package_discovery:discover_packages(prefix_path) discover
[0.148s] DEBUG:colcon.colcon_installed_package_information.package_discovery:Found 311 installed packages in /opt/ros/humble
[0.154s] Level 1:colcon.colcon_core.package_discovery:discover_packages(prefix_path) using defaults
[0.173s] Level 5:colcon.colcon_core.verb:set package 'cpp01_topic' build argument 'cmake_args' from command line to '['-DCMAKE_BUILD_TYPE=Debug']'
[0.173s] Level 5:colcon.colcon_core.verb:set package 'cpp01_topic' build argument 'cmake_target' from command line to 'None'
[0.173s] Level 5:colcon.colcon_core.verb:set package 'cpp01_topic' build argument 'cmake_target_skip_unavailable' from command line to 'False'
[0.173s] Level 5:colcon.colcon_core.verb:set package 'cpp01_topic' build argument 'cmake_clean_cache' from command line to 'False'
[0.173s] Level 5:colcon.colcon_core.verb:set package 'cpp01_topic' build argument 'cmake_clean_first' from command line to 'False'
[0.173s] Level 5:colcon.colcon_core.verb:set package 'cpp01_topic' build argument 'cmake_force_configure' from command line to 'False'
[0.173s] Level 5:colcon.colcon_core.verb:set package 'cpp01_topic' build argument 'ament_cmake_args' from command line to 'None'
[0.173s] Level 5:colcon.colcon_core.verb:set package 'cpp01_topic' build argument 'catkin_cmake_args' from command line to 'None'
[0.173s] Level 5:colcon.colcon_core.verb:set package 'cpp01_topic' build argument 'catkin_skip_building_tests' from command line to 'False'
[0.173s] DEBUG:colcon.colcon_core.verb:Building package 'cpp01_topic' with the following arguments: {'ament_cmake_args': None, 'build_base': '/home/jialimeng/duo_package_expersence/build/cpp01_topic', 'catkin_cmake_args': None, 'catkin_skip_building_tests': False, 'cmake_args': ['-DCMAKE_BUILD_TYPE=Debug'], 'cmake_clean_cache': False, 'cmake_clean_first': False, 'cmake_force_configure': False, 'cmake_target': None, 'cmake_target_skip_unavailable': False, 'install_base': '/home/jialimeng/duo_package_expersence/install/cpp01_topic', 'merge_install': False, 'path': '/home/jialimeng/duo_package_expersence/src/cpp01_topic', 'symlink_install': False, 'test_result_base': None}
[0.173s] Level 5:colcon.colcon_core.verb:set package 'cpp02_topic' build argument 'cmake_args' from command line to '['-DCMAKE_BUILD_TYPE=Debug']'
[0.173s] Level 5:colcon.colcon_core.verb:set package 'cpp02_topic' build argument 'cmake_target' from command line to 'None'
[0.173s] Level 5:colcon.colcon_core.verb:set package 'cpp02_topic' build argument 'cmake_target_skip_unavailable' from command line to 'False'
[0.173s] Level 5:colcon.colcon_core.verb:set package 'cpp02_topic' build argument 'cmake_clean_cache' from command line to 'False'
[0.173s] Level 5:colcon.colcon_core.verb:set package 'cpp02_topic' build argument 'cmake_clean_first' from command line to 'False'
[0.173s] Level 5:colcon.colcon_core.verb:set package 'cpp02_topic' build argument 'cmake_force_configure' from command line to 'False'
[0.173s] Level 5:colcon.colcon_core.verb:set package 'cpp02_topic' build argument 'ament_cmake_args' from command line to 'None'
[0.173s] Level 5:colcon.colcon_core.verb:set package 'cpp02_topic' build argument 'catkin_cmake_args' from command line to 'None'
[0.173s] Level 5:colcon.colcon_core.verb:set package 'cpp02_topic' build argument 'catkin_skip_building_tests' from command line to 'False'
[0.173s] DEBUG:colcon.colcon_core.verb:Building package 'cpp02_topic' with the following arguments: {'ament_cmake_args': None, 'build_base': '/home/jialimeng/duo_package_expersence/build/cpp02_topic', 'catkin_cmake_args': None, 'catkin_skip_building_tests': False, 'cmake_args': ['-DCMAKE_BUILD_TYPE=Debug'], 'cmake_clean_cache': False, 'cmake_clean_first': False, 'cmake_force_configure': False, 'cmake_target': None, 'cmake_target_skip_unavailable': False, 'install_base': '/home/jialimeng/duo_package_expersence/install/cpp02_topic', 'merge_install': False, 'path': '/home/jialimeng/duo_package_expersence/src/cpp02_topic', 'symlink_install': False, 'test_result_base': None}
[0.173s] INFO:colcon.colcon_core.executor:Executing jobs using 'parallel' executor
[0.174s] DEBUG:colcon.colcon_parallel_executor.executor.parallel:run_until_complete
[0.174s] INFO:colcon.colcon_ros.task.ament_cmake.build:Building ROS package in '/home/jialimeng/duo_package_expersence/src/cpp01_topic' with build type 'ament_cmake'
[0.174s] INFO:colcon.colcon_cmake.task.cmake.build:Building CMake package in '/home/jialimeng/duo_package_expersence/src/cpp01_topic'
[0.175s] INFO:colcon.colcon_core.plugin_system:Skipping extension 'colcon_core.shell.bat': Not used on non-Windows systems
[0.175s] INFO:colcon.colcon_core.shell:Skip shell extension 'powershell' for command environment: Not usable outside of PowerShell
[0.175s] DEBUG:colcon.colcon_core.shell:Skip shell extension 'dsv' for command environment
[0.180s] DEBUG:colcon.colcon_core.event_handler.log_command:Invoking command in '/home/jialimeng/duo_package_expersence/build/cpp01_topic': CMAKE_PREFIX_PATH=/opt/ros/humble /usr/bin/cmake --build /home/jialimeng/duo_package_expersence/build/cpp01_topic -- -j22 -l22
[0.216s] DEBUG:colcon.colcon_core.event_handler.log_command:Invoked command in '/home/jialimeng/duo_package_expersence/build/cpp01_topic' returned '0': CMAKE_PREFIX_PATH=/opt/ros/humble /usr/bin/cmake --build /home/jialimeng/duo_package_expersence/build/cpp01_topic -- -j22 -l22
[0.235s] DEBUG:colcon.colcon_core.event_handler.log_command:Invoking command in '/home/jialimeng/duo_package_expersence/build/cpp01_topic': CMAKE_PREFIX_PATH=/opt/ros/humble /usr/bin/cmake --install /home/jialimeng/duo_package_expersence/build/cpp01_topic
[0.240s] Level 1:colcon.colcon_core.environment:create_environment_scripts_only(cpp01_topic)
[0.240s] DEBUG:colcon.colcon_core.event_handler.log_command:Invoked command in '/home/jialimeng/duo_package_expersence/build/cpp01_topic' returned '0': CMAKE_PREFIX_PATH=/opt/ros/humble /usr/bin/cmake --install /home/jialimeng/duo_package_expersence/build/cpp01_topic
[0.241s] Level 1:colcon.colcon_core.environment:checking '/home/jialimeng/duo_package_expersence/install/cpp01_topic' for CMake module files
[0.241s] Level 1:colcon.colcon_core.environment:checking '/home/jialimeng/duo_package_expersence/install/cpp01_topic' for CMake config files
[0.241s] Level 1:colcon.colcon_core.shell:create_environment_hook('cpp01_topic', 'cmake_prefix_path')
[0.242s] INFO:colcon.colcon_core.shell:Creating environment hook '/home/jialimeng/duo_package_expersence/install/cpp01_topic/share/cpp01_topic/hook/cmake_prefix_path.ps1'
[0.242s] INFO:colcon.colcon_core.shell:Creating environment descriptor '/home/jialimeng/duo_package_expersence/install/cpp01_topic/share/cpp01_topic/hook/cmake_prefix_path.dsv'
[0.242s] INFO:colcon.colcon_core.shell:Creating environment hook '/home/jialimeng/duo_package_expersence/install/cpp01_topic/share/cpp01_topic/hook/cmake_prefix_path.sh'
[0.243s] Level 1:colcon.colcon_core.environment:checking '/home/jialimeng/duo_package_expersence/install/cpp01_topic/lib'
[0.243s] Level 1:colcon.colcon_core.environment:checking '/home/jialimeng/duo_package_expersence/install/cpp01_topic/bin'
[0.243s] Level 1:colcon.colcon_core.environment:checking '/home/jialimeng/duo_package_expersence/install/cpp01_topic/lib/pkgconfig/cpp01_topic.pc'
[0.243s] Level 1:colcon.colcon_core.environment:checking '/home/jialimeng/duo_package_expersence/install/cpp01_topic/lib/python3.10/site-packages'
[0.243s] Level 1:colcon.colcon_core.environment:checking '/home/jialimeng/duo_package_expersence/install/cpp01_topic/bin'
[0.243s] INFO:colcon.colcon_core.shell:Creating package script '/home/jialimeng/duo_package_expersence/install/cpp01_topic/share/cpp01_topic/package.ps1'
[0.244s] INFO:colcon.colcon_core.shell:Creating package descriptor '/home/jialimeng/duo_package_expersence/install/cpp01_topic/share/cpp01_topic/package.dsv'
[0.244s] INFO:colcon.colcon_core.shell:Creating package script '/home/jialimeng/duo_package_expersence/install/cpp01_topic/share/cpp01_topic/package.sh'
[0.244s] INFO:colcon.colcon_core.shell:Creating package script '/home/jialimeng/duo_package_expersence/install/cpp01_topic/share/cpp01_topic/package.bash'
[0.244s] INFO:colcon.colcon_core.shell:Creating package script '/home/jialimeng/duo_package_expersence/install/cpp01_topic/share/cpp01_topic/package.zsh'
[0.245s] Level 1:colcon.colcon_core.environment:create_file_with_runtime_dependencies(/home/jialimeng/duo_package_expersence/install/cpp01_topic/share/colcon-core/packages/cpp01_topic)
[0.258s] Level 1:colcon.colcon_core.environment:create_environment_scripts_only(cpp01_topic)
[0.258s] Level 1:colcon.colcon_core.environment:checking '/home/jialimeng/duo_package_expersence/install/cpp01_topic' for CMake module files
[0.258s] Level 1:colcon.colcon_core.environment:checking '/home/jialimeng/duo_package_expersence/install/cpp01_topic' for CMake config files
[0.258s] Level 1:colcon.colcon_core.shell:create_environment_hook('cpp01_topic', 'cmake_prefix_path')
[0.259s] INFO:colcon.colcon_core.shell:Creating environment hook '/home/jialimeng/duo_package_expersence/install/cpp01_topic/share/cpp01_topic/hook/cmake_prefix_path.ps1'
[0.259s] INFO:colcon.colcon_core.shell:Creating environment descriptor '/home/jialimeng/duo_package_expersence/install/cpp01_topic/share/cpp01_topic/hook/cmake_prefix_path.dsv'
[0.259s] INFO:colcon.colcon_core.shell:Creating environment hook '/home/jialimeng/duo_package_expersence/install/cpp01_topic/share/cpp01_topic/hook/cmake_prefix_path.sh'
[0.259s] Level 1:colcon.colcon_core.environment:checking '/home/jialimeng/duo_package_expersence/install/cpp01_topic/lib'
[0.259s] Level 1:colcon.colcon_core.environment:checking '/home/jialimeng/duo_package_expersence/install/cpp01_topic/bin'
[0.259s] Level 1:colcon.colcon_core.environment:checking '/home/jialimeng/duo_package_expersence/install/cpp01_topic/lib/pkgconfig/cpp01_topic.pc'
[0.260s] Level 1:colcon.colcon_core.environment:checking '/home/jialimeng/duo_package_expersence/install/cpp01_topic/lib/python3.10/site-packages'
[0.260s] Level 1:colcon.colcon_core.environment:checking '/home/jialimeng/duo_package_expersence/install/cpp01_topic/bin'
[0.260s] INFO:colcon.colcon_core.shell:Creating package script '/home/jialimeng/duo_package_expersence/install/cpp01_topic/share/cpp01_topic/package.ps1'
[0.260s] INFO:colcon.colcon_core.shell:Creating package descriptor '/home/jialimeng/duo_package_expersence/install/cpp01_topic/share/cpp01_topic/package.dsv'
[0.260s] INFO:colcon.colcon_core.shell:Creating package script '/home/jialimeng/duo_package_expersence/install/cpp01_topic/share/cpp01_topic/package.sh'
[0.261s] INFO:colcon.colcon_core.shell:Creating package script '/home/jialimeng/duo_package_expersence/install/cpp01_topic/share/cpp01_topic/package.bash'
[0.261s] INFO:colcon.colcon_core.shell:Creating package script '/home/jialimeng/duo_package_expersence/install/cpp01_topic/share/cpp01_topic/package.zsh'
[0.261s] Level 1:colcon.colcon_core.environment:create_file_with_runtime_dependencies(/home/jialimeng/duo_package_expersence/install/cpp01_topic/share/colcon-core/packages/cpp01_topic)
[0.261s] INFO:colcon.colcon_ros.task.ament_cmake.build:Building ROS package in '/home/jialimeng/duo_package_expersence/src/cpp02_topic' with build type 'ament_cmake'
[0.261s] INFO:colcon.colcon_cmake.task.cmake.build:Building CMake package in '/home/jialimeng/duo_package_expersence/src/cpp02_topic'
[0.262s] INFO:colcon.colcon_core.shell:Skip shell extension 'powershell' for command environment: Not usable outside of PowerShell
[0.262s] DEBUG:colcon.colcon_core.shell:Skip shell extension 'dsv' for command environment
[0.266s] DEBUG:colcon.colcon_core.event_handler.log_command:Invoking command in '/home/jialimeng/duo_package_expersence/build/cpp02_topic': AMENT_PREFIX_PATH=/home/jialimeng/duo_package_expersence/install/cpp01_topic:${AMENT_PREFIX_PATH} CMAKE_PREFIX_PATH=/home/jialimeng/duo_package_expersence/install/cpp01_topic:/opt/ros/humble /usr/bin/cmake --build /home/jialimeng/duo_package_expersence/build/cpp02_topic -- -j22 -l22
[0.585s] DEBUG:colcon.colcon_core.event_handler.log_command:Invoked command in '/home/jialimeng/duo_package_expersence/build/cpp02_topic' returned '0': AMENT_PREFIX_PATH=/home/jialimeng/duo_package_expersence/install/cpp01_topic:${AMENT_PREFIX_PATH} CMAKE_PREFIX_PATH=/home/jialimeng/duo_package_expersence/install/cpp01_topic:/opt/ros/humble /usr/bin/cmake --build /home/jialimeng/duo_package_expersence/build/cpp02_topic -- -j22 -l22
[0.599s] DEBUG:colcon.colcon_core.event_handler.log_command:Invoking command in '/home/jialimeng/duo_package_expersence/build/cpp02_topic': AMENT_PREFIX_PATH=/home/jialimeng/duo_package_expersence/install/cpp01_topic:${AMENT_PREFIX_PATH} CMAKE_PREFIX_PATH=/home/jialimeng/duo_package_expersence/install/cpp01_topic:/opt/ros/humble /usr/bin/cmake --install /home/jialimeng/duo_package_expersence/build/cpp02_topic
[0.605s] Level 1:colcon.colcon_core.environment:create_environment_scripts_only(cpp02_topic)
[0.605s] Level 1:colcon.colcon_core.environment:checking '/home/jialimeng/duo_package_expersence/install/cpp02_topic' for CMake module files
[0.605s] DEBUG:colcon.colcon_core.event_handler.log_command:Invoked command in '/home/jialimeng/duo_package_expersence/build/cpp02_topic' returned '0': AMENT_PREFIX_PATH=/home/jialimeng/duo_package_expersence/install/cpp01_topic:${AMENT_PREFIX_PATH} CMAKE_PREFIX_PATH=/home/jialimeng/duo_package_expersence/install/cpp01_topic:/opt/ros/humble /usr/bin/cmake --install /home/jialimeng/duo_package_expersence/build/cpp02_topic
[0.606s] Level 1:colcon.colcon_core.environment:checking '/home/jialimeng/duo_package_expersence/install/cpp02_topic' for CMake config files
[0.606s] Level 1:colcon.colcon_core.shell:create_environment_hook('cpp02_topic', 'cmake_prefix_path')
[0.606s] INFO:colcon.colcon_core.shell:Creating environment hook '/home/jialimeng/duo_package_expersence/install/cpp02_topic/share/cpp02_topic/hook/cmake_prefix_path.ps1'
[0.606s] INFO:colcon.colcon_core.shell:Creating environment descriptor '/home/jialimeng/duo_package_expersence/install/cpp02_topic/share/cpp02_topic/hook/cmake_prefix_path.dsv'
[0.606s] INFO:colcon.colcon_core.shell:Creating environment hook '/home/jialimeng/duo_package_expersence/install/cpp02_topic/share/cpp02_topic/hook/cmake_prefix_path.sh'
[0.607s] Level 1:colcon.colcon_core.environment:checking '/home/jialimeng/duo_package_expersence/install/cpp02_topic/lib'
[0.607s] Level 1:colcon.colcon_core.environment:checking '/home/jialimeng/duo_package_expersence/install/cpp02_topic/bin'
[0.607s] Level 1:colcon.colcon_core.environment:checking '/home/jialimeng/duo_package_expersence/install/cpp02_topic/lib/pkgconfig/cpp02_topic.pc'
[0.607s] Level 1:colcon.colcon_core.environment:checking '/home/jialimeng/duo_package_expersence/install/cpp02_topic/lib/python3.10/site-packages'
[0.607s] Level 1:colcon.colcon_core.environment:checking '/home/jialimeng/duo_package_expersence/install/cpp02_topic/bin'
[0.607s] INFO:colcon.colcon_core.shell:Creating package script '/home/jialimeng/duo_package_expersence/install/cpp02_topic/share/cpp02_topic/package.ps1'
[0.607s] INFO:colcon.colcon_core.shell:Creating package descriptor '/home/jialimeng/duo_package_expersence/install/cpp02_topic/share/cpp02_topic/package.dsv'
[0.607s] INFO:colcon.colcon_core.shell:Creating package script '/home/jialimeng/duo_package_expersence/install/cpp02_topic/share/cpp02_topic/package.sh'
[0.608s] INFO:colcon.colcon_core.shell:Creating package script '/home/jialimeng/duo_package_expersence/install/cpp02_topic/share/cpp02_topic/package.bash'
[0.608s] INFO:colcon.colcon_core.shell:Creating package script '/home/jialimeng/duo_package_expersence/install/cpp02_topic/share/cpp02_topic/package.zsh'
[0.608s] Level 1:colcon.colcon_core.environment:create_file_with_runtime_dependencies(/home/jialimeng/duo_package_expersence/install/cpp02_topic/share/colcon-core/packages/cpp02_topic)
[0.621s] Level 1:colcon.colcon_core.environment:create_environment_scripts_only(cpp02_topic)
[0.621s] Level 1:colcon.colcon_core.environment:checking '/home/jialimeng/duo_package_expersence/install/cpp02_topic' for CMake module files
[0.621s] Level 1:colcon.colcon_core.environment:checking '/home/jialimeng/duo_package_expersence/install/cpp02_topic' for CMake config files
[0.622s] Level 1:colcon.colcon_core.shell:create_environment_hook('cpp02_topic', 'cmake_prefix_path')
[0.622s] INFO:colcon.colcon_core.shell:Creating environment hook '/home/jialimeng/duo_package_expersence/install/cpp02_topic/share/cpp02_topic/hook/cmake_prefix_path.ps1'
[0.622s] INFO:colcon.colcon_core.shell:Creating environment descriptor '/home/jialimeng/duo_package_expersence/install/cpp02_topic/share/cpp02_topic/hook/cmake_prefix_path.dsv'
[0.622s] INFO:colcon.colcon_core.shell:Creating environment hook '/home/jialimeng/duo_package_expersence/install/cpp02_topic/share/cpp02_topic/hook/cmake_prefix_path.sh'
[0.622s] Level 1:colcon.colcon_core.environment:checking '/home/jialimeng/duo_package_expersence/install/cpp02_topic/lib'
[0.622s] Level 1:colcon.colcon_core.environment:checking '/home/jialimeng/duo_package_expersence/install/cpp02_topic/bin'
[0.623s] Level 1:colcon.colcon_core.environment:checking '/home/jialimeng/duo_package_expersence/install/cpp02_topic/lib/pkgconfig/cpp02_topic.pc'
[0.623s] Level 1:colcon.colcon_core.environment:checking '/home/jialimeng/duo_package_expersence/install/cpp02_topic/lib/python3.10/site-packages'
[0.623s] Level 1:colcon.colcon_core.environment:checking '/home/jialimeng/duo_package_expersence/install/cpp02_topic/bin'
[0.623s] INFO:colcon.colcon_core.shell:Creating package script '/home/jialimeng/duo_package_expersence/install/cpp02_topic/share/cpp02_topic/package.ps1'
[0.623s] INFO:colcon.colcon_core.shell:Creating package descriptor '/home/jialimeng/duo_package_expersence/install/cpp02_topic/share/cpp02_topic/package.dsv'
[0.623s] INFO:colcon.colcon_core.shell:Creating package script '/home/jialimeng/duo_package_expersence/install/cpp02_topic/share/cpp02_topic/package.sh'
[0.624s] INFO:colcon.colcon_core.shell:Creating package script '/home/jialimeng/duo_package_expersence/install/cpp02_topic/share/cpp02_topic/package.bash'
[0.624s] INFO:colcon.colcon_core.shell:Creating package script '/home/jialimeng/duo_package_expersence/install/cpp02_topic/share/cpp02_topic/package.zsh'
[0.624s] Level 1:colcon.colcon_core.environment:create_file_with_runtime_dependencies(/home/jialimeng/duo_package_expersence/install/cpp02_topic/share/colcon-core/packages/cpp02_topic)
[0.624s] DEBUG:colcon.colcon_parallel_executor.executor.parallel:closing loop
[0.624s] DEBUG:colcon.colcon_parallel_executor.executor.parallel:loop closed
[0.624s] DEBUG:colcon.colcon_parallel_executor.executor.parallel:run_until_complete finished with '0'
[0.624s] DEBUG:colcon.colcon_core.event_reactor:joining thread
[0.627s] INFO:colcon.colcon_core.plugin_system:Skipping extension 'colcon_notification.desktop_notification.terminal_notifier': Not used on non-Darwin systems
[0.627s] INFO:colcon.colcon_core.plugin_system:Skipping extension 'colcon_notification.desktop_notification.win32': Not used on non-Windows systems
[0.627s] INFO:colcon.colcon_notification.desktop_notification:Sending desktop notification using 'notify2'
[0.628s] DEBUG:colcon.colcon_notification.desktop_notification.notify2:Failed to initialize notify2: org.freedesktop.DBus.Error.ServiceUnknown: The name org.freedesktop.Notifications was not provided by any .service files
[0.628s] DEBUG:colcon.colcon_core.event_reactor:joined thread
[0.628s] INFO:colcon.colcon_core.shell:Creating prefix script '/home/jialimeng/duo_package_expersence/install/local_setup.ps1'
[0.629s] INFO:colcon.colcon_core.shell:Creating prefix util module '/home/jialimeng/duo_package_expersence/install/_local_setup_util_ps1.py'
[0.630s] INFO:colcon.colcon_core.shell:Creating prefix chain script '/home/jialimeng/duo_package_expersence/install/setup.ps1'
[0.630s] INFO:colcon.colcon_core.shell:Creating prefix script '/home/jialimeng/duo_package_expersence/install/local_setup.sh'
[0.630s] INFO:colcon.colcon_core.shell:Creating prefix util module '/home/jialimeng/duo_package_expersence/install/_local_setup_util_sh.py'
[0.631s] INFO:colcon.colcon_core.shell:Creating prefix chain script '/home/jialimeng/duo_package_expersence/install/setup.sh'
[0.631s] INFO:colcon.colcon_core.shell:Creating prefix script '/home/jialimeng/duo_package_expersence/install/local_setup.bash'
[0.632s] INFO:colcon.colcon_core.shell:Creating prefix chain script '/home/jialimeng/duo_package_expersence/install/setup.bash'
[0.632s] INFO:colcon.colcon_core.shell:Creating prefix script '/home/jialimeng/duo_package_expersence/install/local_setup.zsh'
[0.633s] INFO:colcon.colcon_core.shell:Creating prefix chain script '/home/jialimeng/duo_package_expersence/install/setup.zsh'
