[0.006s] Invoking command in '/home/jialimeng/duo_package_expersence/build/cpp01_topic': CMAKE_PREFIX_PATH=/opt/ros/humble /usr/bin/cmake --build /home/jialimeng/duo_package_expersence/build/cpp01_topic -- -j22 -l22
[0.038s] [ 50%] Built target mycat
[0.038s] [100%] Built target mydog
[0.044s] Invoked command in '/home/jialimeng/duo_package_expersence/build/cpp01_topic' returned '0': CMAKE_PREFIX_PATH=/opt/ros/humble /usr/bin/cmake --build /home/jialimeng/duo_package_expersence/build/cpp01_topic -- -j22 -l22
[0.062s] Invoking command in '/home/jialimeng/duo_package_expersence/build/cpp01_topic': CMAKE_PREFIX_PATH=/opt/ros/humble /usr/bin/cmake --install /home/jialimeng/duo_package_expersence/build/cpp01_topic
[0.066s] -- Install configuration: "Debug"
[0.066s] -- Up-to-date: /home/jialimeng/duo_package_expersence/install/cpp01_topic/share/ament_index/resource_index/package_run_dependencies/cpp01_topic
[0.066s] -- Up-to-date: /home/jialimeng/duo_package_expersence/install/cpp01_topic/share/ament_index/resource_index/parent_prefix_path/cpp01_topic
[0.066s] -- Up-to-date: /home/jialimeng/duo_package_expersence/install/cpp01_topic/share/cpp01_topic/environment/ament_prefix_path.sh
[0.066s] -- Up-to-date: /home/jialimeng/duo_package_expersence/install/cpp01_topic/share/cpp01_topic/environment/ament_prefix_path.dsv
[0.066s] -- Up-to-date: /home/jialimeng/duo_package_expersence/install/cpp01_topic/share/cpp01_topic/environment/path.sh
[0.066s] -- Up-to-date: /home/jialimeng/duo_package_expersence/install/cpp01_topic/share/cpp01_topic/environment/path.dsv
[0.066s] -- Up-to-date: /home/jialimeng/duo_package_expersence/install/cpp01_topic/share/cpp01_topic/local_setup.bash
[0.067s] -- Up-to-date: /home/jialimeng/duo_package_expersence/install/cpp01_topic/share/cpp01_topic/local_setup.sh
[0.067s] -- Up-to-date: /home/jialimeng/duo_package_expersence/install/cpp01_topic/share/cpp01_topic/local_setup.zsh
[0.067s] -- Up-to-date: /home/jialimeng/duo_package_expersence/install/cpp01_topic/share/cpp01_topic/local_setup.dsv
[0.067s] -- Installing: /home/jialimeng/duo_package_expersence/install/cpp01_topic/share/cpp01_topic/package.dsv
[0.067s] -- Up-to-date: /home/jialimeng/duo_package_expersence/install/cpp01_topic/share/ament_index/resource_index/packages/cpp01_topic
[0.067s] -- Up-to-date: /home/jialimeng/duo_package_expersence/install/cpp01_topic/share/cpp01_topic/cmake/cpp01_topicConfig.cmake
[0.067s] -- Up-to-date: /home/jialimeng/duo_package_expersence/install/cpp01_topic/share/cpp01_topic/cmake/cpp01_topicConfig-version.cmake
[0.067s] -- Up-to-date: /home/jialimeng/duo_package_expersence/install/cpp01_topic/share/cpp01_topic/package.xml
[0.067s] -- Up-to-date: /home/jialimeng/duo_package_expersence/install/cpp01_topic/lib/cpp01_topic/libmydog.so
[0.067s] -- Up-to-date: /home/jialimeng/duo_package_expersence/install/cpp01_topic/lib/cpp01_topic/libmycat.so
[0.068s] Invoked command in '/home/jialimeng/duo_package_expersence/build/cpp01_topic' returned '0': CMAKE_PREFIX_PATH=/opt/ros/humble /usr/bin/cmake --install /home/jialimeng/duo_package_expersence/build/cpp01_topic
