[0.003s] Invoking command in '/home/jialimeng/duo_package_expersence/build/cpp02_topic': AMENT_PREFIX_PATH=/home/jialimeng/duo_package_expersence/install/cpp01_topic:${AMENT_PREFIX_PATH} CMAKE_PREFIX_PATH=/home/jialimeng/duo_package_expersence/install/cpp01_topic:/opt/ros/humble /usr/bin/cmake /home/jialimeng/duo_package_expersence/src/cpp02_topic -DCMAKE_BUILD_TYPE=Debug -DCMAKE_INSTALL_PREFIX=/home/jialimeng/duo_package_expersence/install/cpp02_topic
[0.035s] -- The C compiler identification is GNU 12.3.0
[0.067s] -- The CXX compiler identification is GNU 12.3.0
[0.071s] -- Detecting C compiler ABI info
[0.112s] -- Detecting C compiler ABI info - done
[0.116s] -- Check for working C compiler: /usr/bin/cc - skipped
[0.117s] -- Detecting C compile features
[0.117s] -- Detecting C compile features - done
[0.118s] -- Detecting CXX compiler ABI info
[0.168s] -- Detecting CXX compiler ABI info - done
[0.172s] -- Check for working CXX compiler: /usr/bin/c++ - skipped
[0.172s] -- Detecting CXX compile features
[0.173s] -- Detecting CXX compile features - done
[0.174s] -- Found ament_cmake: 1.3.10 (/opt/ros/humble/share/ament_cmake/cmake)
[0.253s] -- Found Python3: /usr/bin/python3 (found version "3.10.12") found components: Interpreter 
[0.295s] -- Found rclcpp: 16.0.10 (/opt/ros/humble/share/rclcpp/cmake)
[0.314s] -- Found rosidl_generator_c: 3.1.5 (/opt/ros/humble/share/rosidl_generator_c/cmake)
[0.316s] -- Found rosidl_adapter: 3.1.5 (/opt/ros/humble/share/rosidl_adapter/cmake)
[0.320s] -- Found rosidl_generator_cpp: 3.1.5 (/opt/ros/humble/share/rosidl_generator_cpp/cmake)
[0.325s] -- Using all available rosidl_typesupport_c: rosidl_typesupport_fastrtps_c;rosidl_typesupport_introspection_c
[0.332s] -- Using all available rosidl_typesupport_cpp: rosidl_typesupport_fastrtps_cpp;rosidl_typesupport_introspection_cpp
[0.353s] -- Found rmw_implementation_cmake: 6.1.2 (/opt/ros/humble/share/rmw_implementation_cmake/cmake)
[0.354s] -- Found rmw_fastrtps_cpp: 6.2.7 (/opt/ros/humble/share/rmw_fastrtps_cpp/cmake)
[0.399s] -- Found OpenSSL: /usr/lib/x86_64-linux-gnu/libcrypto.so (found version "3.0.2")  
[0.414s] -- Found FastRTPS: /opt/ros/humble/include  
[0.434s] -- Using RMW implementation 'rmw_fastrtps_cpp' as default
[0.437s] -- Looking for pthread.h
[0.479s] -- Looking for pthread.h - found
[0.479s] -- Performing Test CMAKE_HAVE_LIBC_PTHREAD
[0.528s] -- Performing Test CMAKE_HAVE_LIBC_PTHREAD - Success
[0.528s] -- Found Threads: TRUE  
[0.554s] -- Found cpp01_topic: 0.0.0 (/home/jialimeng/duo_package_expersence/install/cpp01_topic/share/cpp01_topic/cmake)
[0.555s] -- Found ament_lint_auto: 0.12.11 (/opt/ros/humble/share/ament_lint_auto/cmake)
[0.594s] -- Added test 'cppcheck' to perform static code analysis on C / C++ code
[0.594s] -- Configured cppcheck include dirs: $<BUILD_INTERFACE:/home/jialimeng/duo_package_expersence/src/cpp02_topic/include>
[0.594s] -- Configured cppcheck exclude dirs and/or files: 
[0.594s] -- Added test 'lint_cmake' to check CMake code style
[0.595s] -- Added test 'uncrustify' to check C / C++ code style
[0.595s] -- Configured uncrustify additional arguments: 
[0.595s] -- Added test 'xmllint' to check XML markup files
[0.595s] -- Configuring done
[0.599s] -- Generating done
[0.600s] -- Build files have been written to: /home/jialimeng/duo_package_expersence/build/cpp02_topic
[0.605s] Invoked command in '/home/jialimeng/duo_package_expersence/build/cpp02_topic' returned '0': AMENT_PREFIX_PATH=/home/jialimeng/duo_package_expersence/install/cpp01_topic:${AMENT_PREFIX_PATH} CMAKE_PREFIX_PATH=/home/jialimeng/duo_package_expersence/install/cpp01_topic:/opt/ros/humble /usr/bin/cmake /home/jialimeng/duo_package_expersence/src/cpp02_topic -DCMAKE_BUILD_TYPE=Debug -DCMAKE_INSTALL_PREFIX=/home/jialimeng/duo_package_expersence/install/cpp02_topic
[0.606s] Invoking command in '/home/jialimeng/duo_package_expersence/build/cpp02_topic': AMENT_PREFIX_PATH=/home/jialimeng/duo_package_expersence/install/cpp01_topic:${AMENT_PREFIX_PATH} CMAKE_PREFIX_PATH=/home/jialimeng/duo_package_expersence/install/cpp01_topic:/opt/ros/humble /usr/bin/cmake --build /home/jialimeng/duo_package_expersence/build/cpp02_topic -- -j22 -l22
[0.634s] [ 50%] [32mBuilding CXX object CMakeFiles/helloworld.dir/src/helloworld.cpp.o[0m
[0.804s] [100%] [32m[1mLinking CXX executable helloworld[0m
[0.812s] /usr/bin/ld: cannot find -lmycat: No such file or directory
[0.812s] /usr/bin/ld: cannot find -lmydog: No such file or directory
[0.827s] collect2: error: ld returned 1 exit status
[0.827s] gmake[2]: *** [CMakeFiles/helloworld.dir/build.make:159: helloworld] Error 1
[0.827s] gmake[1]: *** [CMakeFiles/Makefile2:137: CMakeFiles/helloworld.dir/all] Error 2
[0.828s] gmake: *** [Makefile:146: all] Error 2
[0.829s] Invoked command in '/home/jialimeng/duo_package_expersence/build/cpp02_topic' returned '2': AMENT_PREFIX_PATH=/home/jialimeng/duo_package_expersence/install/cpp01_topic:${AMENT_PREFIX_PATH} CMAKE_PREFIX_PATH=/home/jialimeng/duo_package_expersence/install/cpp01_topic:/opt/ros/humble /usr/bin/cmake --build /home/jialimeng/duo_package_expersence/build/cpp02_topic -- -j22 -l22
