[0.004s] Invoking command in '/home/jialimeng/duo_package_expersence/build/cpp02_topic': AMENT_PREFIX_PATH=/home/jialimeng/duo_package_expersence/install/cpp01_topic:${AMENT_PREFIX_PATH} CMAKE_PREFIX_PATH=/home/jialimeng/duo_package_expersence/install/cpp01_topic:/opt/ros/humble /usr/bin/cmake --build /home/jialimeng/duo_package_expersence/build/cpp02_topic -- -j22 -l22
[0.016s] -- Found ament_cmake: 1.3.10 (/opt/ros/humble/share/ament_cmake/cmake)
[0.082s] -- Found rclcpp: 16.0.10 (/opt/ros/humble/share/rclcpp/cmake)
[0.096s] -- Found rosidl_generator_c: 3.1.5 (/opt/ros/humble/share/rosidl_generator_c/cmake)
[0.097s] -- Found rosidl_adapter: 3.1.5 (/opt/ros/humble/share/rosidl_adapter/cmake)
[0.100s] -- Found rosidl_generator_cpp: 3.1.5 (/opt/ros/humble/share/rosidl_generator_cpp/cmake)
[0.105s] -- Using all available rosidl_typesupport_c: rosidl_typesupport_fastrtps_c;rosidl_typesupport_introspection_c
[0.111s] -- Using all available rosidl_typesupport_cpp: rosidl_typesupport_fastrtps_cpp;rosidl_typesupport_introspection_cpp
[0.127s] -- Found rmw_implementation_cmake: 6.1.2 (/opt/ros/humble/share/rmw_implementation_cmake/cmake)
[0.128s] -- Found rmw_fastrtps_cpp: 6.2.7 (/opt/ros/humble/share/rmw_fastrtps_cpp/cmake)
[0.175s] -- Using RMW implementation 'rmw_fastrtps_cpp' as default
[0.198s] -- Found cpp01_topic: 0.0.0 (/home/jialimeng/duo_package_expersence/install/cpp01_topic/share/cpp01_topic/cmake)
[0.199s] -- Found ament_lint_auto: 0.12.11 (/opt/ros/humble/share/ament_lint_auto/cmake)
[0.233s] -- Added test 'cppcheck' to perform static code analysis on C / C++ code
[0.233s] -- Configured cppcheck include dirs: $<BUILD_INTERFACE:/home/jialimeng/duo_package_expersence/src/cpp02_topic/include>
[0.233s] -- Configured cppcheck exclude dirs and/or files: 
[0.233s] -- Added test 'lint_cmake' to check CMake code style
[0.234s] -- Added test 'uncrustify' to check C / C++ code style
[0.234s] -- Configured uncrustify additional arguments: 
[0.234s] -- Added test 'xmllint' to check XML markup files
[0.234s] -- Configuring done
[0.239s] -- Generating done
[0.239s] -- Build files have been written to: /home/jialimeng/duo_package_expersence/build/cpp02_topic
[0.254s] [35m[1mConsolidate compiler generated dependencies of target helloworld[0m
[0.261s] [ 50%] [32m[1mLinking CXX executable helloworld[0m
[0.310s] [100%] Built target helloworld
[0.317s] Invoked command in '/home/jialimeng/duo_package_expersence/build/cpp02_topic' returned '0': AMENT_PREFIX_PATH=/home/jialimeng/duo_package_expersence/install/cpp01_topic:${AMENT_PREFIX_PATH} CMAKE_PREFIX_PATH=/home/jialimeng/duo_package_expersence/install/cpp01_topic:/opt/ros/humble /usr/bin/cmake --build /home/jialimeng/duo_package_expersence/build/cpp02_topic -- -j22 -l22
[0.331s] Invoking command in '/home/jialimeng/duo_package_expersence/build/cpp02_topic': AMENT_PREFIX_PATH=/home/jialimeng/duo_package_expersence/install/cpp01_topic:${AMENT_PREFIX_PATH} CMAKE_PREFIX_PATH=/home/jialimeng/duo_package_expersence/install/cpp01_topic:/opt/ros/humble /usr/bin/cmake --install /home/jialimeng/duo_package_expersence/build/cpp02_topic
[0.335s] -- Install configuration: "Debug"
[0.335s] -- Installing: /home/jialimeng/duo_package_expersence/install/cpp02_topic/lib/cpp02_topic/helloworld
[0.335s] -- Up-to-date: /home/jialimeng/duo_package_expersence/install/cpp02_topic/share/ament_index/resource_index/package_run_dependencies/cpp02_topic
[0.335s] -- Up-to-date: /home/jialimeng/duo_package_expersence/install/cpp02_topic/share/ament_index/resource_index/parent_prefix_path/cpp02_topic
[0.335s] -- Up-to-date: /home/jialimeng/duo_package_expersence/install/cpp02_topic/share/cpp02_topic/environment/ament_prefix_path.sh
[0.335s] -- Installing: /home/jialimeng/duo_package_expersence/install/cpp02_topic/share/cpp02_topic/environment/ament_prefix_path.dsv
[0.335s] -- Up-to-date: /home/jialimeng/duo_package_expersence/install/cpp02_topic/share/cpp02_topic/environment/path.sh
[0.336s] -- Installing: /home/jialimeng/duo_package_expersence/install/cpp02_topic/share/cpp02_topic/environment/path.dsv
[0.336s] -- Up-to-date: /home/jialimeng/duo_package_expersence/install/cpp02_topic/share/cpp02_topic/local_setup.bash
[0.336s] -- Up-to-date: /home/jialimeng/duo_package_expersence/install/cpp02_topic/share/cpp02_topic/local_setup.sh
[0.336s] -- Up-to-date: /home/jialimeng/duo_package_expersence/install/cpp02_topic/share/cpp02_topic/local_setup.zsh
[0.336s] -- Installing: /home/jialimeng/duo_package_expersence/install/cpp02_topic/share/cpp02_topic/local_setup.dsv
[0.336s] -- Installing: /home/jialimeng/duo_package_expersence/install/cpp02_topic/share/cpp02_topic/package.dsv
[0.336s] -- Up-to-date: /home/jialimeng/duo_package_expersence/install/cpp02_topic/share/ament_index/resource_index/packages/cpp02_topic
[0.336s] -- Up-to-date: /home/jialimeng/duo_package_expersence/install/cpp02_topic/share/cpp02_topic/cmake/cpp02_topicConfig.cmake
[0.336s] -- Up-to-date: /home/jialimeng/duo_package_expersence/install/cpp02_topic/share/cpp02_topic/cmake/cpp02_topicConfig-version.cmake
[0.336s] -- Up-to-date: /home/jialimeng/duo_package_expersence/install/cpp02_topic/share/cpp02_topic/package.xml
[0.337s] Invoked command in '/home/jialimeng/duo_package_expersence/build/cpp02_topic' returned '0': AMENT_PREFIX_PATH=/home/jialimeng/duo_package_expersence/install/cpp01_topic:${AMENT_PREFIX_PATH} CMAKE_PREFIX_PATH=/home/jialimeng/duo_package_expersence/install/cpp01_topic:/opt/ros/humble /usr/bin/cmake --install /home/jialimeng/duo_package_expersence/build/cpp02_topic
