[0.000000] (-) TimerEvent: {}
[0.000187] (cpp01_topic) JobQueued: {'identifier': 'cpp01_topic', 'dependencies': OrderedDict()}
[0.000340] (cpp02_topic) JobQueued: {'identifier': 'cpp02_topic', 'dependencies': OrderedDict([('cpp01_topic', '/home/jialimeng/duo_package_expersence/install/cpp01_topic')])}
[0.000461] (cpp01_topic) JobStarted: {'identifier': 'cpp01_topic'}
[0.004460] (cpp01_topic) JobProgress: {'identifier': 'cpp01_topic', 'progress': 'cmake'}
[0.004804] (cpp01_topic) JobProgress: {'identifier': 'cpp01_topic', 'progress': 'build'}
[0.005105] (cpp01_topic) Command: {'cmd': ['/usr/bin/cmake', '--build', '/home/jialimeng/duo_package_expersence/build/cpp01_topic', '--', '-j22', '-l22'], 'cwd': '/home/jialimeng/duo_package_expersence/build/cpp01_topic', 'env': OrderedDict([('LESSOPEN', '| /usr/bin/lesspipe %s'), ('USER', 'jialimeng'), ('SSH_CLIENT', '192.168.110.109 55810 22'), ('LC_TIME', 'zh_CN.UTF-8'), ('XDG_SESSION_TYPE', 'tty'), ('GIT_ASKPASS', '/home/jialimeng/.vscode-server/cli/servers/Stable-f1a4fb101478ce6ec82fe9627c43efbf9e98c813/server/extensions/git/dist/askpass.sh'), ('SHLVL', '0'), ('LD_LIBRARY_PATH', '/opt/ros/humble/opt/rviz_ogre_vendor/lib:/opt/ros/humble/lib/x86_64-linux-gnu:/opt/ros/humble/lib'), ('BROWSER', '/home/jialimeng/.vscode-server/cli/servers/Stable-f1a4fb101478ce6ec82fe9627c43efbf9e98c813/server/bin/helpers/browser.sh'), ('MOTD_SHOWN', 'pam'), ('HOME', '/home/jialimeng'), ('TERM_PROGRAM_VERSION', '1.95.3'), ('VSCODE_IPC_HOOK_CLI', '/run/user/1001/vscode-ipc-e93dfd99-48ae-45e3-9e50-828fcc38c879.sock'), ('ROS_PYTHON_VERSION', '3'), ('VSCODE_GIT_ASKPASS_MAIN', '/home/jialimeng/.vscode-server/cli/servers/Stable-f1a4fb101478ce6ec82fe9627c43efbf9e98c813/server/extensions/git/dist/askpass-main.js'), ('LC_MONETARY', 'zh_CN.UTF-8'), ('VSCODE_GIT_ASKPASS_NODE', '/home/jialimeng/.vscode-server/cli/servers/Stable-f1a4fb101478ce6ec82fe9627c43efbf9e98c813/server/node'), ('SSL_CERT_FILE', '/usr/lib/ssl/certs/ca-certificates.crt'), ('DBUS_SESSION_BUS_ADDRESS', 'unix:path=/run/user/1001/bus'), ('COLORTERM', 'truecolor'), ('ROS_DISTRO', 'humble'), ('LOGNAME', 'jialimeng'), ('_', '/usr/bin/colcon'), ('ROS_VERSION', '2'), ('XDG_SESSION_CLASS', 'user'), ('TERM', 'xterm-256color'), ('XDG_SESSION_ID', '592'), ('ROS_LOCALHOST_ONLY', '0'), ('PATH', '/home/jialimeng/.vscode-server/cli/servers/Stable-f1a4fb101478ce6ec82fe9627c43efbf9e98c813/server/bin/remote-cli:/opt/ros/humble/bin:/usr/local/sbin:/usr/local/bin:/usr/sbin:/usr/bin:/sbin:/bin:/usr/games:/usr/local/games:/snap/bin'), ('LC_ADDRESS', 'zh_CN.UTF-8'), ('XDG_RUNTIME_DIR', '/run/user/1001'), ('SSL_CERT_DIR', '/usr/lib/ssl/certs'), ('LANG', 'en_US.UTF-8'), ('LC_TELEPHONE', 'zh_CN.UTF-8'), ('LS_COLORS', ''), ('VSCODE_GIT_IPC_HANDLE', '/run/user/1001/vscode-git-ac9263bfdb.sock'), ('TERM_PROGRAM', 'vscode'), ('AMENT_PREFIX_PATH', '/opt/ros/humble'), ('SHELL', '/bin/bash'), ('LC_NAME', 'zh_CN.UTF-8'), ('LESSCLOSE', '/usr/bin/lesspipe %s %s'), ('LC_MEASUREMENT', 'zh_CN.UTF-8'), ('LC_IDENTIFICATION', 'zh_CN.UTF-8'), ('VSCODE_GIT_ASKPASS_EXTRA_ARGS', ''), ('PWD', '/home/jialimeng/duo_package_expersence/build/cpp01_topic'), ('SSH_CONNECTION', '192.168.110.109 55810 192.168.110.162 22'), ('XDG_DATA_DIRS', '/usr/share/gnome:/usr/local/share:/usr/share:/var/lib/snapd/desktop'), ('PYTHONPATH', '/opt/ros/humble/lib/python3.10/site-packages:/opt/ros/humble/local/lib/python3.10/dist-packages'), ('LC_NUMERIC', 'zh_CN.UTF-8'), ('LC_PAPER', 'zh_CN.UTF-8'), ('COLCON', '1'), ('CMAKE_PREFIX_PATH', '/opt/ros/humble')]), 'shell': False}
[0.033409] (cpp01_topic) StdoutLine: {'line': b'[ 50%] Built target mydog\n'}
[0.033679] (cpp01_topic) StdoutLine: {'line': b'[100%] Built target mycat\n'}
[0.039146] (cpp01_topic) CommandEnded: {'returncode': 0}
[0.052186] (cpp01_topic) JobProgress: {'identifier': 'cpp01_topic', 'progress': 'install'}
[0.056791] (cpp01_topic) Command: {'cmd': ['/usr/bin/cmake', '--install', '/home/jialimeng/duo_package_expersence/build/cpp01_topic'], 'cwd': '/home/jialimeng/duo_package_expersence/build/cpp01_topic', 'env': OrderedDict([('LESSOPEN', '| /usr/bin/lesspipe %s'), ('USER', 'jialimeng'), ('SSH_CLIENT', '192.168.110.109 55810 22'), ('LC_TIME', 'zh_CN.UTF-8'), ('XDG_SESSION_TYPE', 'tty'), ('GIT_ASKPASS', '/home/jialimeng/.vscode-server/cli/servers/Stable-f1a4fb101478ce6ec82fe9627c43efbf9e98c813/server/extensions/git/dist/askpass.sh'), ('SHLVL', '0'), ('LD_LIBRARY_PATH', '/opt/ros/humble/opt/rviz_ogre_vendor/lib:/opt/ros/humble/lib/x86_64-linux-gnu:/opt/ros/humble/lib'), ('BROWSER', '/home/jialimeng/.vscode-server/cli/servers/Stable-f1a4fb101478ce6ec82fe9627c43efbf9e98c813/server/bin/helpers/browser.sh'), ('MOTD_SHOWN', 'pam'), ('HOME', '/home/jialimeng'), ('TERM_PROGRAM_VERSION', '1.95.3'), ('VSCODE_IPC_HOOK_CLI', '/run/user/1001/vscode-ipc-e93dfd99-48ae-45e3-9e50-828fcc38c879.sock'), ('ROS_PYTHON_VERSION', '3'), ('VSCODE_GIT_ASKPASS_MAIN', '/home/jialimeng/.vscode-server/cli/servers/Stable-f1a4fb101478ce6ec82fe9627c43efbf9e98c813/server/extensions/git/dist/askpass-main.js'), ('LC_MONETARY', 'zh_CN.UTF-8'), ('VSCODE_GIT_ASKPASS_NODE', '/home/jialimeng/.vscode-server/cli/servers/Stable-f1a4fb101478ce6ec82fe9627c43efbf9e98c813/server/node'), ('SSL_CERT_FILE', '/usr/lib/ssl/certs/ca-certificates.crt'), ('DBUS_SESSION_BUS_ADDRESS', 'unix:path=/run/user/1001/bus'), ('COLORTERM', 'truecolor'), ('ROS_DISTRO', 'humble'), ('LOGNAME', 'jialimeng'), ('_', '/usr/bin/colcon'), ('ROS_VERSION', '2'), ('XDG_SESSION_CLASS', 'user'), ('TERM', 'xterm-256color'), ('XDG_SESSION_ID', '592'), ('ROS_LOCALHOST_ONLY', '0'), ('PATH', '/home/jialimeng/.vscode-server/cli/servers/Stable-f1a4fb101478ce6ec82fe9627c43efbf9e98c813/server/bin/remote-cli:/opt/ros/humble/bin:/usr/local/sbin:/usr/local/bin:/usr/sbin:/usr/bin:/sbin:/bin:/usr/games:/usr/local/games:/snap/bin'), ('LC_ADDRESS', 'zh_CN.UTF-8'), ('XDG_RUNTIME_DIR', '/run/user/1001'), ('SSL_CERT_DIR', '/usr/lib/ssl/certs'), ('LANG', 'en_US.UTF-8'), ('LC_TELEPHONE', 'zh_CN.UTF-8'), ('LS_COLORS', ''), ('VSCODE_GIT_IPC_HANDLE', '/run/user/1001/vscode-git-ac9263bfdb.sock'), ('TERM_PROGRAM', 'vscode'), ('AMENT_PREFIX_PATH', '/opt/ros/humble'), ('SHELL', '/bin/bash'), ('LC_NAME', 'zh_CN.UTF-8'), ('LESSCLOSE', '/usr/bin/lesspipe %s %s'), ('LC_MEASUREMENT', 'zh_CN.UTF-8'), ('LC_IDENTIFICATION', 'zh_CN.UTF-8'), ('VSCODE_GIT_ASKPASS_EXTRA_ARGS', ''), ('PWD', '/home/jialimeng/duo_package_expersence/build/cpp01_topic'), ('SSH_CONNECTION', '192.168.110.109 55810 192.168.110.162 22'), ('XDG_DATA_DIRS', '/usr/share/gnome:/usr/local/share:/usr/share:/var/lib/snapd/desktop'), ('PYTHONPATH', '/opt/ros/humble/lib/python3.10/site-packages:/opt/ros/humble/local/lib/python3.10/dist-packages'), ('LC_NUMERIC', 'zh_CN.UTF-8'), ('LC_PAPER', 'zh_CN.UTF-8'), ('COLCON', '1'), ('CMAKE_PREFIX_PATH', '/opt/ros/humble')]), 'shell': False}
[0.060778] (cpp01_topic) StdoutLine: {'line': b'-- Install configuration: "Debug"\n'}
[0.060859] (cpp01_topic) StdoutLine: {'line': b'-- Up-to-date: /home/jialimeng/duo_package_expersence/install/cpp01_topic/share/ament_index/resource_index/package_run_dependencies/cpp01_topic\n'}
[0.060926] (cpp01_topic) StdoutLine: {'line': b'-- Up-to-date: /home/jialimeng/duo_package_expersence/install/cpp01_topic/share/ament_index/resource_index/parent_prefix_path/cpp01_topic\n'}
[0.060958] (cpp01_topic) StdoutLine: {'line': b'-- Up-to-date: /home/jialimeng/duo_package_expersence/install/cpp01_topic/share/cpp01_topic/environment/ament_prefix_path.sh\n'}
[0.060989] (cpp01_topic) StdoutLine: {'line': b'-- Up-to-date: /home/jialimeng/duo_package_expersence/install/cpp01_topic/share/cpp01_topic/environment/ament_prefix_path.dsv\n'}
[0.061018] (cpp01_topic) StdoutLine: {'line': b'-- Up-to-date: /home/jialimeng/duo_package_expersence/install/cpp01_topic/share/cpp01_topic/environment/path.sh\n'}
[0.061061] (cpp01_topic) StdoutLine: {'line': b'-- Up-to-date: /home/jialimeng/duo_package_expersence/install/cpp01_topic/share/cpp01_topic/environment/path.dsv\n'}
[0.061130] (cpp01_topic) StdoutLine: {'line': b'-- Up-to-date: /home/jialimeng/duo_package_expersence/install/cpp01_topic/share/cpp01_topic/local_setup.bash\n'}
[0.061157] (cpp01_topic) StdoutLine: {'line': b'-- Up-to-date: /home/jialimeng/duo_package_expersence/install/cpp01_topic/share/cpp01_topic/local_setup.sh\n'}
[0.061187] (cpp01_topic) StdoutLine: {'line': b'-- Up-to-date: /home/jialimeng/duo_package_expersence/install/cpp01_topic/share/cpp01_topic/local_setup.zsh\n'}
[0.061214] (cpp01_topic) StdoutLine: {'line': b'-- Up-to-date: /home/jialimeng/duo_package_expersence/install/cpp01_topic/share/cpp01_topic/local_setup.dsv\n'}
[0.061242] (cpp01_topic) StdoutLine: {'line': b'-- Installing: /home/jialimeng/duo_package_expersence/install/cpp01_topic/share/cpp01_topic/package.dsv\n'}
[0.061313] (cpp01_topic) StdoutLine: {'line': b'-- Up-to-date: /home/jialimeng/duo_package_expersence/install/cpp01_topic/share/ament_index/resource_index/packages/cpp01_topic\n'}
[0.061345] (cpp01_topic) StdoutLine: {'line': b'-- Up-to-date: /home/jialimeng/duo_package_expersence/install/cpp01_topic/share/cpp01_topic/cmake/cpp01_topicConfig.cmake\n'}
[0.061370] (cpp01_topic) StdoutLine: {'line': b'-- Up-to-date: /home/jialimeng/duo_package_expersence/install/cpp01_topic/share/cpp01_topic/cmake/cpp01_topicConfig-version.cmake\n'}
[0.061394] (cpp01_topic) StdoutLine: {'line': b'-- Up-to-date: /home/jialimeng/duo_package_expersence/install/cpp01_topic/share/cpp01_topic/package.xml\n'}
[0.061480] (cpp01_topic) StdoutLine: {'line': b'-- Up-to-date: /home/jialimeng/duo_package_expersence/install/cpp01_topic/lib/cpp01_topic/libmydog.so\n'}
[0.061644] (cpp01_topic) StdoutLine: {'line': b'-- Up-to-date: /home/jialimeng/duo_package_expersence/install/cpp01_topic/lib/cpp01_topic/libmycat.so\n'}
[0.062626] (cpp01_topic) CommandEnded: {'returncode': 0}
[0.085092] (cpp01_topic) JobEnded: {'identifier': 'cpp01_topic', 'rc': 0}
[0.085643] (cpp02_topic) JobStarted: {'identifier': 'cpp02_topic'}
[0.088921] (cpp02_topic) JobProgress: {'identifier': 'cpp02_topic', 'progress': 'cmake'}
[0.089208] (cpp02_topic) JobProgress: {'identifier': 'cpp02_topic', 'progress': 'build'}
[0.089364] (cpp02_topic) Command: {'cmd': ['/usr/bin/cmake', '--build', '/home/jialimeng/duo_package_expersence/build/cpp02_topic', '--', '-j22', '-l22'], 'cwd': '/home/jialimeng/duo_package_expersence/build/cpp02_topic', 'env': OrderedDict([('LESSOPEN', '| /usr/bin/lesspipe %s'), ('USER', 'jialimeng'), ('SSH_CLIENT', '192.168.110.109 55810 22'), ('LC_TIME', 'zh_CN.UTF-8'), ('XDG_SESSION_TYPE', 'tty'), ('GIT_ASKPASS', '/home/jialimeng/.vscode-server/cli/servers/Stable-f1a4fb101478ce6ec82fe9627c43efbf9e98c813/server/extensions/git/dist/askpass.sh'), ('SHLVL', '0'), ('LD_LIBRARY_PATH', '/opt/ros/humble/opt/rviz_ogre_vendor/lib:/opt/ros/humble/lib/x86_64-linux-gnu:/opt/ros/humble/lib'), ('BROWSER', '/home/jialimeng/.vscode-server/cli/servers/Stable-f1a4fb101478ce6ec82fe9627c43efbf9e98c813/server/bin/helpers/browser.sh'), ('MOTD_SHOWN', 'pam'), ('HOME', '/home/jialimeng'), ('TERM_PROGRAM_VERSION', '1.95.3'), ('VSCODE_IPC_HOOK_CLI', '/run/user/1001/vscode-ipc-e93dfd99-48ae-45e3-9e50-828fcc38c879.sock'), ('ROS_PYTHON_VERSION', '3'), ('VSCODE_GIT_ASKPASS_MAIN', '/home/jialimeng/.vscode-server/cli/servers/Stable-f1a4fb101478ce6ec82fe9627c43efbf9e98c813/server/extensions/git/dist/askpass-main.js'), ('LC_MONETARY', 'zh_CN.UTF-8'), ('VSCODE_GIT_ASKPASS_NODE', '/home/jialimeng/.vscode-server/cli/servers/Stable-f1a4fb101478ce6ec82fe9627c43efbf9e98c813/server/node'), ('SSL_CERT_FILE', '/usr/lib/ssl/certs/ca-certificates.crt'), ('DBUS_SESSION_BUS_ADDRESS', 'unix:path=/run/user/1001/bus'), ('COLORTERM', 'truecolor'), ('ROS_DISTRO', 'humble'), ('LOGNAME', 'jialimeng'), ('_', '/usr/bin/colcon'), ('ROS_VERSION', '2'), ('XDG_SESSION_CLASS', 'user'), ('TERM', 'xterm-256color'), ('XDG_SESSION_ID', '592'), ('ROS_LOCALHOST_ONLY', '0'), ('PATH', '/home/jialimeng/.vscode-server/cli/servers/Stable-f1a4fb101478ce6ec82fe9627c43efbf9e98c813/server/bin/remote-cli:/opt/ros/humble/bin:/usr/local/sbin:/usr/local/bin:/usr/sbin:/usr/bin:/sbin:/bin:/usr/games:/usr/local/games:/snap/bin'), ('LC_ADDRESS', 'zh_CN.UTF-8'), ('XDG_RUNTIME_DIR', '/run/user/1001'), ('SSL_CERT_DIR', '/usr/lib/ssl/certs'), ('LANG', 'en_US.UTF-8'), ('LC_TELEPHONE', 'zh_CN.UTF-8'), ('LS_COLORS', ''), ('VSCODE_GIT_IPC_HANDLE', '/run/user/1001/vscode-git-ac9263bfdb.sock'), ('TERM_PROGRAM', 'vscode'), ('AMENT_PREFIX_PATH', '/home/jialimeng/duo_package_expersence/install/cpp01_topic:/opt/ros/humble'), ('SHELL', '/bin/bash'), ('LC_NAME', 'zh_CN.UTF-8'), ('LESSCLOSE', '/usr/bin/lesspipe %s %s'), ('LC_MEASUREMENT', 'zh_CN.UTF-8'), ('LC_IDENTIFICATION', 'zh_CN.UTF-8'), ('VSCODE_GIT_ASKPASS_EXTRA_ARGS', ''), ('PWD', '/home/jialimeng/duo_package_expersence/build/cpp02_topic'), ('SSH_CONNECTION', '192.168.110.109 55810 192.168.110.162 22'), ('XDG_DATA_DIRS', '/usr/share/gnome:/usr/local/share:/usr/share:/var/lib/snapd/desktop'), ('PYTHONPATH', '/opt/ros/humble/lib/python3.10/site-packages:/opt/ros/humble/local/lib/python3.10/dist-packages'), ('LC_NUMERIC', 'zh_CN.UTF-8'), ('LC_PAPER', 'zh_CN.UTF-8'), ('COLCON', '1'), ('CMAKE_PREFIX_PATH', '/home/jialimeng/duo_package_expersence/install/cpp01_topic:/opt/ros/humble')]), 'shell': False}
[0.099873] (-) TimerEvent: {}
[0.104700] (cpp02_topic) StdoutLine: {'line': b'-- Found ament_cmake: 1.3.10 (/opt/ros/humble/share/ament_cmake/cmake)\n'}
[0.170763] (cpp02_topic) StdoutLine: {'line': b'-- Found rclcpp: 16.0.10 (/opt/ros/humble/share/rclcpp/cmake)\n'}
[0.184845] (cpp02_topic) StdoutLine: {'line': b'-- Found rosidl_generator_c: 3.1.5 (/opt/ros/humble/share/rosidl_generator_c/cmake)\n'}
[0.186046] (cpp02_topic) StdoutLine: {'line': b'-- Found rosidl_adapter: 3.1.5 (/opt/ros/humble/share/rosidl_adapter/cmake)\n'}
[0.188984] (cpp02_topic) StdoutLine: {'line': b'-- Found rosidl_generator_cpp: 3.1.5 (/opt/ros/humble/share/rosidl_generator_cpp/cmake)\n'}
[0.193677] (cpp02_topic) StdoutLine: {'line': b'-- Using all available rosidl_typesupport_c: rosidl_typesupport_fastrtps_c;rosidl_typesupport_introspection_c\n'}
[0.199745] (cpp02_topic) StdoutLine: {'line': b'-- Using all available rosidl_typesupport_cpp: rosidl_typesupport_fastrtps_cpp;rosidl_typesupport_introspection_cpp\n'}
[0.200009] (-) TimerEvent: {}
[0.215428] (cpp02_topic) StdoutLine: {'line': b'-- Found rmw_implementation_cmake: 6.1.2 (/opt/ros/humble/share/rmw_implementation_cmake/cmake)\n'}
[0.216081] (cpp02_topic) StdoutLine: {'line': b'-- Found rmw_fastrtps_cpp: 6.2.7 (/opt/ros/humble/share/rmw_fastrtps_cpp/cmake)\n'}
[0.264244] (cpp02_topic) StdoutLine: {'line': b"-- Using RMW implementation 'rmw_fastrtps_cpp' as default\n"}
[0.288489] (cpp02_topic) StdoutLine: {'line': b'-- Found cpp01_topic: 0.0.0 (/home/jialimeng/duo_package_expersence/install/cpp01_topic/share/cpp01_topic/cmake)\n'}
[0.289024] (cpp02_topic) StdoutLine: {'line': b'-- Found ament_lint_auto: 0.12.11 (/opt/ros/humble/share/ament_lint_auto/cmake)\n'}
[0.300155] (-) TimerEvent: {}
[0.324451] (cpp02_topic) StdoutLine: {'line': b"-- Added test 'cppcheck' to perform static code analysis on C / C++ code\n"}
[0.324563] (cpp02_topic) StdoutLine: {'line': b'-- Configured cppcheck include dirs: $<BUILD_INTERFACE:/home/jialimeng/duo_package_expersence/src/cpp02_topic/include>\n'}
[0.324611] (cpp02_topic) StdoutLine: {'line': b'-- Configured cppcheck exclude dirs and/or files: \n'}
[0.324895] (cpp02_topic) StdoutLine: {'line': b"-- Added test 'lint_cmake' to check CMake code style\n"}
[0.325367] (cpp02_topic) StdoutLine: {'line': b"-- Added test 'uncrustify' to check C / C++ code style\n"}
[0.325434] (cpp02_topic) StdoutLine: {'line': b'-- Configured uncrustify additional arguments: \n'}
[0.325470] (cpp02_topic) StdoutLine: {'line': b"-- Added test 'xmllint' to check XML markup files\n"}
[0.325753] (cpp02_topic) StdoutLine: {'line': b'-- Configuring done\n'}
[0.330301] (cpp02_topic) StdoutLine: {'line': b'-- Generating done\n'}
[0.331134] (cpp02_topic) StdoutLine: {'line': b'-- Build files have been written to: /home/jialimeng/duo_package_expersence/build/cpp02_topic\n'}
[0.345938] (cpp02_topic) StdoutLine: {'line': b'\x1b[35m\x1b[1mConsolidate compiler generated dependencies of target helloworld\x1b[0m\n'}
[0.353154] (cpp02_topic) StdoutLine: {'line': b'[ 50%] \x1b[32m\x1b[1mLinking CXX executable helloworld\x1b[0m\n'}
[0.361689] (cpp02_topic) StderrLine: {'line': b'/usr/bin/ld: cannot find -lmycat: No such file or directory\n'}
[0.361788] (cpp02_topic) StderrLine: {'line': b'/usr/bin/ld: cannot find -lmydog: No such file or directory\n'}
[0.376008] (cpp02_topic) StderrLine: {'line': b'collect2: error: ld returned 1 exit status\n'}
[0.377038] (cpp02_topic) StderrLine: {'line': b'gmake[2]: *** [CMakeFiles/helloworld.dir/build.make:159: helloworld] Error 1\n'}
[0.377242] (cpp02_topic) StderrLine: {'line': b'gmake[1]: *** [CMakeFiles/Makefile2:137: CMakeFiles/helloworld.dir/all] Error 2\n'}
[0.377500] (cpp02_topic) StderrLine: {'line': b'gmake: *** [Makefile:146: all] Error 2\n'}
[0.378997] (cpp02_topic) CommandEnded: {'returncode': 2}
[0.398383] (cpp02_topic) JobEnded: {'identifier': 'cpp02_topic', 'rc': 2}
[0.400223] (-) TimerEvent: {}
[0.408633] (-) EventReactorShutdown: {}
