[0.000000] (-) TimerEvent: {}
[0.000161] (cpp01_topic) JobQueued: {'identifier': 'cpp01_topic', 'dependencies': OrderedDict()}
[0.000497] (cpp02_topic) JobQueued: {'identifier': 'cpp02_topic', 'dependencies': OrderedDict([('cpp01_topic', '/home/jialimeng/duo_package_expersence/install/cpp01_topic')])}
[0.000541] (cpp01_topic) JobStarted: {'identifier': 'cpp01_topic'}
[0.004646] (cpp01_topic) JobProgress: {'identifier': 'cpp01_topic', 'progress': 'cmake'}
[0.004881] (cpp01_topic) JobProgress: {'identifier': 'cpp01_topic', 'progress': 'build'}
[0.005204] (cpp01_topic) Command: {'cmd': ['/usr/bin/cmake', '--build', '/home/jialimeng/duo_package_expersence/build/cpp01_topic', '--', '-j22', '-l22'], 'cwd': '/home/jialimeng/duo_package_expersence/build/cpp01_topic', 'env': OrderedDict([('LESSOPEN', '| /usr/bin/lesspipe %s'), ('USER', 'jialimeng'), ('SSH_CLIENT', '192.168.110.109 55810 22'), ('LC_TIME', 'zh_CN.UTF-8'), ('XDG_SESSION_TYPE', 'tty'), ('GIT_ASKPASS', '/home/jialimeng/.vscode-server/cli/servers/Stable-f1a4fb101478ce6ec82fe9627c43efbf9e98c813/server/extensions/git/dist/askpass.sh'), ('SHLVL', '0'), ('LD_LIBRARY_PATH', '/opt/ros/humble/opt/rviz_ogre_vendor/lib:/opt/ros/humble/lib/x86_64-linux-gnu:/opt/ros/humble/lib'), ('BROWSER', '/home/jialimeng/.vscode-server/cli/servers/Stable-f1a4fb101478ce6ec82fe9627c43efbf9e98c813/server/bin/helpers/browser.sh'), ('MOTD_SHOWN', 'pam'), ('HOME', '/home/jialimeng'), ('TERM_PROGRAM_VERSION', '1.95.3'), ('VSCODE_IPC_HOOK_CLI', '/run/user/1001/vscode-ipc-3839cec1-a071-4e4c-8b2b-3b579f1cacc2.sock'), ('ROS_PYTHON_VERSION', '3'), ('VSCODE_GIT_ASKPASS_MAIN', '/home/jialimeng/.vscode-server/cli/servers/Stable-f1a4fb101478ce6ec82fe9627c43efbf9e98c813/server/extensions/git/dist/askpass-main.js'), ('LC_MONETARY', 'zh_CN.UTF-8'), ('VSCODE_GIT_ASKPASS_NODE', '/home/jialimeng/.vscode-server/cli/servers/Stable-f1a4fb101478ce6ec82fe9627c43efbf9e98c813/server/node'), ('SSL_CERT_FILE', '/usr/lib/ssl/certs/ca-certificates.crt'), ('DBUS_SESSION_BUS_ADDRESS', 'unix:path=/run/user/1001/bus'), ('COLORTERM', 'truecolor'), ('ROS_DISTRO', 'humble'), ('LOGNAME', 'jialimeng'), ('_', '/usr/bin/colcon'), ('ROS_VERSION', '2'), ('XDG_SESSION_CLASS', 'user'), ('TERM', 'xterm-256color'), ('XDG_SESSION_ID', '592'), ('ROS_LOCALHOST_ONLY', '0'), ('PATH', '/home/jialimeng/.vscode-server/cli/servers/Stable-f1a4fb101478ce6ec82fe9627c43efbf9e98c813/server/bin/remote-cli:/opt/ros/humble/bin:/usr/local/sbin:/usr/local/bin:/usr/sbin:/usr/bin:/sbin:/bin:/usr/games:/usr/local/games:/snap/bin'), ('LC_ADDRESS', 'zh_CN.UTF-8'), ('XDG_RUNTIME_DIR', '/run/user/1001'), ('SSL_CERT_DIR', '/usr/lib/ssl/certs'), ('LANG', 'en_US.UTF-8'), ('LC_TELEPHONE', 'zh_CN.UTF-8'), ('LS_COLORS', ''), ('VSCODE_GIT_IPC_HANDLE', '/run/user/1001/vscode-git-ac9263bfdb.sock'), ('TERM_PROGRAM', 'vscode'), ('AMENT_PREFIX_PATH', '/opt/ros/humble'), ('SHELL', '/bin/bash'), ('LC_NAME', 'zh_CN.UTF-8'), ('LESSCLOSE', '/usr/bin/lesspipe %s %s'), ('LC_MEASUREMENT', 'zh_CN.UTF-8'), ('LC_IDENTIFICATION', 'zh_CN.UTF-8'), ('VSCODE_GIT_ASKPASS_EXTRA_ARGS', ''), ('PWD', '/home/jialimeng/duo_package_expersence/build/cpp01_topic'), ('SSH_CONNECTION', '192.168.110.109 55810 192.168.110.162 22'), ('XDG_DATA_DIRS', '/usr/share/gnome:/usr/local/share:/usr/share:/var/lib/snapd/desktop'), ('PYTHONPATH', '/opt/ros/humble/lib/python3.10/site-packages:/opt/ros/humble/local/lib/python3.10/dist-packages'), ('LC_NUMERIC', 'zh_CN.UTF-8'), ('LC_PAPER', 'zh_CN.UTF-8'), ('COLCON', '1'), ('CMAKE_PREFIX_PATH', '/opt/ros/humble')]), 'shell': False}
[0.019462] (cpp01_topic) StdoutLine: {'line': b'-- Found ament_cmake: 1.3.10 (/opt/ros/humble/share/ament_cmake/cmake)\n'}
[0.081919] (cpp01_topic) StdoutLine: {'line': b'-- Found rclcpp: 16.0.10 (/opt/ros/humble/share/rclcpp/cmake)\n'}
[0.095392] (cpp01_topic) StdoutLine: {'line': b'-- Found rosidl_generator_c: 3.1.5 (/opt/ros/humble/share/rosidl_generator_c/cmake)\n'}
[0.096583] (cpp01_topic) StdoutLine: {'line': b'-- Found rosidl_adapter: 3.1.5 (/opt/ros/humble/share/rosidl_adapter/cmake)\n'}
[0.099501] (cpp01_topic) StdoutLine: {'line': b'-- Found rosidl_generator_cpp: 3.1.5 (/opt/ros/humble/share/rosidl_generator_cpp/cmake)\n'}
[0.099946] (-) TimerEvent: {}
[0.103994] (cpp01_topic) StdoutLine: {'line': b'-- Using all available rosidl_typesupport_c: rosidl_typesupport_fastrtps_c;rosidl_typesupport_introspection_c\n'}
[0.109866] (cpp01_topic) StdoutLine: {'line': b'-- Using all available rosidl_typesupport_cpp: rosidl_typesupport_fastrtps_cpp;rosidl_typesupport_introspection_cpp\n'}
[0.126099] (cpp01_topic) StdoutLine: {'line': b'-- Found rmw_implementation_cmake: 6.1.2 (/opt/ros/humble/share/rmw_implementation_cmake/cmake)\n'}
[0.126828] (cpp01_topic) StdoutLine: {'line': b'-- Found rmw_fastrtps_cpp: 6.2.7 (/opt/ros/humble/share/rmw_fastrtps_cpp/cmake)\n'}
[0.175035] (cpp01_topic) StdoutLine: {'line': b"-- Using RMW implementation 'rmw_fastrtps_cpp' as default\n"}
[0.200075] (-) TimerEvent: {}
[0.200975] (cpp01_topic) StdoutLine: {'line': b'-- Found ament_lint_auto: 0.12.11 (/opt/ros/humble/share/ament_lint_auto/cmake)\n'}
[0.235466] (cpp01_topic) StdoutLine: {'line': b"-- Added test 'cppcheck' to perform static code analysis on C / C++ code\n"}
[0.235594] (cpp01_topic) StdoutLine: {'line': b'-- Configured cppcheck include dirs: /home/jialimeng/duo_package_expersence/src/cpp01_topic/core/include;/home/jialimeng/duo_package_expersence/src/cpp01_topic/master/include\n'}
[0.235755] (cpp01_topic) StdoutLine: {'line': b'-- Configured cppcheck exclude dirs and/or files: \n'}
[0.235823] (cpp01_topic) StdoutLine: {'line': b"-- Added test 'lint_cmake' to check CMake code style\n"}
[0.236092] (cpp01_topic) StdoutLine: {'line': b"-- Added test 'uncrustify' to check C / C++ code style\n"}
[0.236139] (cpp01_topic) StdoutLine: {'line': b'-- Configured uncrustify additional arguments: \n'}
[0.236307] (cpp01_topic) StdoutLine: {'line': b"-- Added test 'xmllint' to check XML markup files\n"}
[0.236700] (cpp01_topic) StdoutLine: {'line': b'-- Configuring done\n'}
[0.240748] (cpp01_topic) StdoutLine: {'line': b'-- Generating done\n'}
[0.241735] (cpp01_topic) StdoutLine: {'line': b'-- Build files have been written to: /home/jialimeng/duo_package_expersence/build/cpp01_topic\n'}
[0.255904] (cpp01_topic) StdoutLine: {'line': b'\x1b[35m\x1b[1mConsolidate compiler generated dependencies of target mydog\x1b[0m\n'}
[0.256236] (cpp01_topic) StdoutLine: {'line': b'\x1b[35m\x1b[1mConsolidate compiler generated dependencies of target mycat\x1b[0m\n'}
[0.262466] (cpp01_topic) StdoutLine: {'line': b'[ 25%] \x1b[32mBuilding CXX object core/src/CMakeFiles/mydog.dir/dog.cpp.o\x1b[0m\n'}
[0.262740] (cpp01_topic) StdoutLine: {'line': b'[ 75%] Built target mycat\n'}
[0.300233] (-) TimerEvent: {}
[0.400698] (-) TimerEvent: {}
[0.417697] (cpp01_topic) StdoutLine: {'line': b'[100%] \x1b[32m\x1b[1mLinking CXX shared library libmydog.so\x1b[0m\n'}
[0.458605] (cpp01_topic) StdoutLine: {'line': b'[100%] Built target mydog\n'}
[0.464361] (cpp01_topic) CommandEnded: {'returncode': 0}
[0.476661] (cpp01_topic) JobProgress: {'identifier': 'cpp01_topic', 'progress': 'install'}
[0.480800] (cpp01_topic) Command: {'cmd': ['/usr/bin/cmake', '--install', '/home/jialimeng/duo_package_expersence/build/cpp01_topic'], 'cwd': '/home/jialimeng/duo_package_expersence/build/cpp01_topic', 'env': OrderedDict([('LESSOPEN', '| /usr/bin/lesspipe %s'), ('USER', 'jialimeng'), ('SSH_CLIENT', '192.168.110.109 55810 22'), ('LC_TIME', 'zh_CN.UTF-8'), ('XDG_SESSION_TYPE', 'tty'), ('GIT_ASKPASS', '/home/jialimeng/.vscode-server/cli/servers/Stable-f1a4fb101478ce6ec82fe9627c43efbf9e98c813/server/extensions/git/dist/askpass.sh'), ('SHLVL', '0'), ('LD_LIBRARY_PATH', '/opt/ros/humble/opt/rviz_ogre_vendor/lib:/opt/ros/humble/lib/x86_64-linux-gnu:/opt/ros/humble/lib'), ('BROWSER', '/home/jialimeng/.vscode-server/cli/servers/Stable-f1a4fb101478ce6ec82fe9627c43efbf9e98c813/server/bin/helpers/browser.sh'), ('MOTD_SHOWN', 'pam'), ('HOME', '/home/jialimeng'), ('TERM_PROGRAM_VERSION', '1.95.3'), ('VSCODE_IPC_HOOK_CLI', '/run/user/1001/vscode-ipc-3839cec1-a071-4e4c-8b2b-3b579f1cacc2.sock'), ('ROS_PYTHON_VERSION', '3'), ('VSCODE_GIT_ASKPASS_MAIN', '/home/jialimeng/.vscode-server/cli/servers/Stable-f1a4fb101478ce6ec82fe9627c43efbf9e98c813/server/extensions/git/dist/askpass-main.js'), ('LC_MONETARY', 'zh_CN.UTF-8'), ('VSCODE_GIT_ASKPASS_NODE', '/home/jialimeng/.vscode-server/cli/servers/Stable-f1a4fb101478ce6ec82fe9627c43efbf9e98c813/server/node'), ('SSL_CERT_FILE', '/usr/lib/ssl/certs/ca-certificates.crt'), ('DBUS_SESSION_BUS_ADDRESS', 'unix:path=/run/user/1001/bus'), ('COLORTERM', 'truecolor'), ('ROS_DISTRO', 'humble'), ('LOGNAME', 'jialimeng'), ('_', '/usr/bin/colcon'), ('ROS_VERSION', '2'), ('XDG_SESSION_CLASS', 'user'), ('TERM', 'xterm-256color'), ('XDG_SESSION_ID', '592'), ('ROS_LOCALHOST_ONLY', '0'), ('PATH', '/home/jialimeng/.vscode-server/cli/servers/Stable-f1a4fb101478ce6ec82fe9627c43efbf9e98c813/server/bin/remote-cli:/opt/ros/humble/bin:/usr/local/sbin:/usr/local/bin:/usr/sbin:/usr/bin:/sbin:/bin:/usr/games:/usr/local/games:/snap/bin'), ('LC_ADDRESS', 'zh_CN.UTF-8'), ('XDG_RUNTIME_DIR', '/run/user/1001'), ('SSL_CERT_DIR', '/usr/lib/ssl/certs'), ('LANG', 'en_US.UTF-8'), ('LC_TELEPHONE', 'zh_CN.UTF-8'), ('LS_COLORS', ''), ('VSCODE_GIT_IPC_HANDLE', '/run/user/1001/vscode-git-ac9263bfdb.sock'), ('TERM_PROGRAM', 'vscode'), ('AMENT_PREFIX_PATH', '/opt/ros/humble'), ('SHELL', '/bin/bash'), ('LC_NAME', 'zh_CN.UTF-8'), ('LESSCLOSE', '/usr/bin/lesspipe %s %s'), ('LC_MEASUREMENT', 'zh_CN.UTF-8'), ('LC_IDENTIFICATION', 'zh_CN.UTF-8'), ('VSCODE_GIT_ASKPASS_EXTRA_ARGS', ''), ('PWD', '/home/jialimeng/duo_package_expersence/build/cpp01_topic'), ('SSH_CONNECTION', '192.168.110.109 55810 192.168.110.162 22'), ('XDG_DATA_DIRS', '/usr/share/gnome:/usr/local/share:/usr/share:/var/lib/snapd/desktop'), ('PYTHONPATH', '/opt/ros/humble/lib/python3.10/site-packages:/opt/ros/humble/local/lib/python3.10/dist-packages'), ('LC_NUMERIC', 'zh_CN.UTF-8'), ('LC_PAPER', 'zh_CN.UTF-8'), ('COLCON', '1'), ('CMAKE_PREFIX_PATH', '/opt/ros/humble')]), 'shell': False}
[0.484649] (cpp01_topic) StdoutLine: {'line': b'-- Install configuration: "Debug"\n'}
[0.484751] (cpp01_topic) StdoutLine: {'line': b'-- Up-to-date: /home/jialimeng/duo_package_expersence/install/cpp01_topic/share/ament_index/resource_index/package_run_dependencies/cpp01_topic\n'}
[0.484802] (cpp01_topic) StdoutLine: {'line': b'-- Up-to-date: /home/jialimeng/duo_package_expersence/install/cpp01_topic/share/ament_index/resource_index/parent_prefix_path/cpp01_topic\n'}
[0.484835] (cpp01_topic) StdoutLine: {'line': b'-- Up-to-date: /home/jialimeng/duo_package_expersence/install/cpp01_topic/share/cpp01_topic/environment/ament_prefix_path.sh\n'}
[0.484865] (cpp01_topic) StdoutLine: {'line': b'-- Installing: /home/jialimeng/duo_package_expersence/install/cpp01_topic/share/cpp01_topic/environment/ament_prefix_path.dsv\n'}
[0.484958] (cpp01_topic) StdoutLine: {'line': b'-- Up-to-date: /home/jialimeng/duo_package_expersence/install/cpp01_topic/share/cpp01_topic/environment/path.sh\n'}
[0.484988] (cpp01_topic) StdoutLine: {'line': b'-- Installing: /home/jialimeng/duo_package_expersence/install/cpp01_topic/share/cpp01_topic/environment/path.dsv\n'}
[0.485014] (cpp01_topic) StdoutLine: {'line': b'-- Up-to-date: /home/jialimeng/duo_package_expersence/install/cpp01_topic/share/cpp01_topic/local_setup.bash\n'}
[0.485097] (cpp01_topic) StdoutLine: {'line': b'-- Up-to-date: /home/jialimeng/duo_package_expersence/install/cpp01_topic/share/cpp01_topic/local_setup.sh\n'}
[0.485125] (cpp01_topic) StdoutLine: {'line': b'-- Up-to-date: /home/jialimeng/duo_package_expersence/install/cpp01_topic/share/cpp01_topic/local_setup.zsh\n'}
[0.485151] (cpp01_topic) StdoutLine: {'line': b'-- Installing: /home/jialimeng/duo_package_expersence/install/cpp01_topic/share/cpp01_topic/local_setup.dsv\n'}
[0.485190] (cpp01_topic) StdoutLine: {'line': b'-- Installing: /home/jialimeng/duo_package_expersence/install/cpp01_topic/share/cpp01_topic/package.dsv\n'}
[0.485280] (cpp01_topic) StdoutLine: {'line': b'-- Up-to-date: /home/jialimeng/duo_package_expersence/install/cpp01_topic/share/ament_index/resource_index/packages/cpp01_topic\n'}
[0.485351] (cpp01_topic) StdoutLine: {'line': b'-- Up-to-date: /home/jialimeng/duo_package_expersence/install/cpp01_topic/share/cpp01_topic/cmake/cpp01_topicConfig.cmake\n'}
[0.485393] (cpp01_topic) StdoutLine: {'line': b'-- Up-to-date: /home/jialimeng/duo_package_expersence/install/cpp01_topic/share/cpp01_topic/cmake/cpp01_topicConfig-version.cmake\n'}
[0.485443] (cpp01_topic) StdoutLine: {'line': b'-- Up-to-date: /home/jialimeng/duo_package_expersence/install/cpp01_topic/share/cpp01_topic/package.xml\n'}
[0.485475] (cpp01_topic) StdoutLine: {'line': b'-- Installing: /home/jialimeng/duo_package_expersence/install/cpp01_topic/lib/cpp01_topic/libmydog.so\n'}
[0.485662] (cpp01_topic) StdoutLine: {'line': b'-- Up-to-date: /home/jialimeng/duo_package_expersence/install/cpp01_topic/lib/cpp01_topic/libmycat.so\n'}
[0.486508] (cpp01_topic) CommandEnded: {'returncode': 0}
[0.500761] (-) TimerEvent: {}
[0.508375] (cpp01_topic) JobEnded: {'identifier': 'cpp01_topic', 'rc': 0}
[0.508932] (cpp02_topic) JobStarted: {'identifier': 'cpp02_topic'}
[0.511827] (cpp02_topic) JobProgress: {'identifier': 'cpp02_topic', 'progress': 'cmake'}
[0.512115] (cpp02_topic) JobProgress: {'identifier': 'cpp02_topic', 'progress': 'build'}
[0.512267] (cpp02_topic) Command: {'cmd': ['/usr/bin/cmake', '--build', '/home/jialimeng/duo_package_expersence/build/cpp02_topic', '--', '-j22', '-l22'], 'cwd': '/home/jialimeng/duo_package_expersence/build/cpp02_topic', 'env': OrderedDict([('LESSOPEN', '| /usr/bin/lesspipe %s'), ('USER', 'jialimeng'), ('SSH_CLIENT', '192.168.110.109 55810 22'), ('LC_TIME', 'zh_CN.UTF-8'), ('XDG_SESSION_TYPE', 'tty'), ('GIT_ASKPASS', '/home/jialimeng/.vscode-server/cli/servers/Stable-f1a4fb101478ce6ec82fe9627c43efbf9e98c813/server/extensions/git/dist/askpass.sh'), ('SHLVL', '0'), ('LD_LIBRARY_PATH', '/opt/ros/humble/opt/rviz_ogre_vendor/lib:/opt/ros/humble/lib/x86_64-linux-gnu:/opt/ros/humble/lib'), ('BROWSER', '/home/jialimeng/.vscode-server/cli/servers/Stable-f1a4fb101478ce6ec82fe9627c43efbf9e98c813/server/bin/helpers/browser.sh'), ('MOTD_SHOWN', 'pam'), ('HOME', '/home/jialimeng'), ('TERM_PROGRAM_VERSION', '1.95.3'), ('VSCODE_IPC_HOOK_CLI', '/run/user/1001/vscode-ipc-3839cec1-a071-4e4c-8b2b-3b579f1cacc2.sock'), ('ROS_PYTHON_VERSION', '3'), ('VSCODE_GIT_ASKPASS_MAIN', '/home/jialimeng/.vscode-server/cli/servers/Stable-f1a4fb101478ce6ec82fe9627c43efbf9e98c813/server/extensions/git/dist/askpass-main.js'), ('LC_MONETARY', 'zh_CN.UTF-8'), ('VSCODE_GIT_ASKPASS_NODE', '/home/jialimeng/.vscode-server/cli/servers/Stable-f1a4fb101478ce6ec82fe9627c43efbf9e98c813/server/node'), ('SSL_CERT_FILE', '/usr/lib/ssl/certs/ca-certificates.crt'), ('DBUS_SESSION_BUS_ADDRESS', 'unix:path=/run/user/1001/bus'), ('COLORTERM', 'truecolor'), ('ROS_DISTRO', 'humble'), ('LOGNAME', 'jialimeng'), ('_', '/usr/bin/colcon'), ('ROS_VERSION', '2'), ('XDG_SESSION_CLASS', 'user'), ('TERM', 'xterm-256color'), ('XDG_SESSION_ID', '592'), ('ROS_LOCALHOST_ONLY', '0'), ('PATH', '/home/jialimeng/.vscode-server/cli/servers/Stable-f1a4fb101478ce6ec82fe9627c43efbf9e98c813/server/bin/remote-cli:/opt/ros/humble/bin:/usr/local/sbin:/usr/local/bin:/usr/sbin:/usr/bin:/sbin:/bin:/usr/games:/usr/local/games:/snap/bin'), ('LC_ADDRESS', 'zh_CN.UTF-8'), ('XDG_RUNTIME_DIR', '/run/user/1001'), ('SSL_CERT_DIR', '/usr/lib/ssl/certs'), ('LANG', 'en_US.UTF-8'), ('LC_TELEPHONE', 'zh_CN.UTF-8'), ('LS_COLORS', ''), ('VSCODE_GIT_IPC_HANDLE', '/run/user/1001/vscode-git-ac9263bfdb.sock'), ('TERM_PROGRAM', 'vscode'), ('AMENT_PREFIX_PATH', '/home/jialimeng/duo_package_expersence/install/cpp01_topic:/opt/ros/humble'), ('SHELL', '/bin/bash'), ('LC_NAME', 'zh_CN.UTF-8'), ('LESSCLOSE', '/usr/bin/lesspipe %s %s'), ('LC_MEASUREMENT', 'zh_CN.UTF-8'), ('LC_IDENTIFICATION', 'zh_CN.UTF-8'), ('VSCODE_GIT_ASKPASS_EXTRA_ARGS', ''), ('PWD', '/home/jialimeng/duo_package_expersence/build/cpp02_topic'), ('SSH_CONNECTION', '192.168.110.109 55810 192.168.110.162 22'), ('XDG_DATA_DIRS', '/usr/share/gnome:/usr/local/share:/usr/share:/var/lib/snapd/desktop'), ('PYTHONPATH', '/opt/ros/humble/lib/python3.10/site-packages:/opt/ros/humble/local/lib/python3.10/dist-packages'), ('LC_NUMERIC', 'zh_CN.UTF-8'), ('LC_PAPER', 'zh_CN.UTF-8'), ('COLCON', '1'), ('CMAKE_PREFIX_PATH', '/home/jialimeng/duo_package_expersence/install/cpp01_topic:/opt/ros/humble')]), 'shell': False}
[0.540550] (cpp02_topic) StdoutLine: {'line': b'[100%] Built target helloworld\n'}
[0.546181] (cpp02_topic) CommandEnded: {'returncode': 0}
[0.560330] (cpp02_topic) JobProgress: {'identifier': 'cpp02_topic', 'progress': 'install'}
[0.560465] (cpp02_topic) Command: {'cmd': ['/usr/bin/cmake', '--install', '/home/jialimeng/duo_package_expersence/build/cpp02_topic'], 'cwd': '/home/jialimeng/duo_package_expersence/build/cpp02_topic', 'env': OrderedDict([('LESSOPEN', '| /usr/bin/lesspipe %s'), ('USER', 'jialimeng'), ('SSH_CLIENT', '192.168.110.109 55810 22'), ('LC_TIME', 'zh_CN.UTF-8'), ('XDG_SESSION_TYPE', 'tty'), ('GIT_ASKPASS', '/home/jialimeng/.vscode-server/cli/servers/Stable-f1a4fb101478ce6ec82fe9627c43efbf9e98c813/server/extensions/git/dist/askpass.sh'), ('SHLVL', '0'), ('LD_LIBRARY_PATH', '/opt/ros/humble/opt/rviz_ogre_vendor/lib:/opt/ros/humble/lib/x86_64-linux-gnu:/opt/ros/humble/lib'), ('BROWSER', '/home/jialimeng/.vscode-server/cli/servers/Stable-f1a4fb101478ce6ec82fe9627c43efbf9e98c813/server/bin/helpers/browser.sh'), ('MOTD_SHOWN', 'pam'), ('HOME', '/home/jialimeng'), ('TERM_PROGRAM_VERSION', '1.95.3'), ('VSCODE_IPC_HOOK_CLI', '/run/user/1001/vscode-ipc-3839cec1-a071-4e4c-8b2b-3b579f1cacc2.sock'), ('ROS_PYTHON_VERSION', '3'), ('VSCODE_GIT_ASKPASS_MAIN', '/home/jialimeng/.vscode-server/cli/servers/Stable-f1a4fb101478ce6ec82fe9627c43efbf9e98c813/server/extensions/git/dist/askpass-main.js'), ('LC_MONETARY', 'zh_CN.UTF-8'), ('VSCODE_GIT_ASKPASS_NODE', '/home/jialimeng/.vscode-server/cli/servers/Stable-f1a4fb101478ce6ec82fe9627c43efbf9e98c813/server/node'), ('SSL_CERT_FILE', '/usr/lib/ssl/certs/ca-certificates.crt'), ('DBUS_SESSION_BUS_ADDRESS', 'unix:path=/run/user/1001/bus'), ('COLORTERM', 'truecolor'), ('ROS_DISTRO', 'humble'), ('LOGNAME', 'jialimeng'), ('_', '/usr/bin/colcon'), ('ROS_VERSION', '2'), ('XDG_SESSION_CLASS', 'user'), ('TERM', 'xterm-256color'), ('XDG_SESSION_ID', '592'), ('ROS_LOCALHOST_ONLY', '0'), ('PATH', '/home/jialimeng/.vscode-server/cli/servers/Stable-f1a4fb101478ce6ec82fe9627c43efbf9e98c813/server/bin/remote-cli:/opt/ros/humble/bin:/usr/local/sbin:/usr/local/bin:/usr/sbin:/usr/bin:/sbin:/bin:/usr/games:/usr/local/games:/snap/bin'), ('LC_ADDRESS', 'zh_CN.UTF-8'), ('XDG_RUNTIME_DIR', '/run/user/1001'), ('SSL_CERT_DIR', '/usr/lib/ssl/certs'), ('LANG', 'en_US.UTF-8'), ('LC_TELEPHONE', 'zh_CN.UTF-8'), ('LS_COLORS', ''), ('VSCODE_GIT_IPC_HANDLE', '/run/user/1001/vscode-git-ac9263bfdb.sock'), ('TERM_PROGRAM', 'vscode'), ('AMENT_PREFIX_PATH', '/home/jialimeng/duo_package_expersence/install/cpp01_topic:/opt/ros/humble'), ('SHELL', '/bin/bash'), ('LC_NAME', 'zh_CN.UTF-8'), ('LESSCLOSE', '/usr/bin/lesspipe %s %s'), ('LC_MEASUREMENT', 'zh_CN.UTF-8'), ('LC_IDENTIFICATION', 'zh_CN.UTF-8'), ('VSCODE_GIT_ASKPASS_EXTRA_ARGS', ''), ('PWD', '/home/jialimeng/duo_package_expersence/build/cpp02_topic'), ('SSH_CONNECTION', '192.168.110.109 55810 192.168.110.162 22'), ('XDG_DATA_DIRS', '/usr/share/gnome:/usr/local/share:/usr/share:/var/lib/snapd/desktop'), ('PYTHONPATH', '/opt/ros/humble/lib/python3.10/site-packages:/opt/ros/humble/local/lib/python3.10/dist-packages'), ('LC_NUMERIC', 'zh_CN.UTF-8'), ('LC_PAPER', 'zh_CN.UTF-8'), ('COLCON', '1'), ('CMAKE_PREFIX_PATH', '/home/jialimeng/duo_package_expersence/install/cpp01_topic:/opt/ros/humble')]), 'shell': False}
[0.564882] (cpp02_topic) StdoutLine: {'line': b'-- Install configuration: "Debug"\n'}
[0.565006] (cpp02_topic) StdoutLine: {'line': b'-- Up-to-date: /home/jialimeng/duo_package_expersence/install/cpp02_topic/lib/cpp02_topic/helloworld\n'}
[0.565081] (cpp02_topic) StdoutLine: {'line': b'-- Up-to-date: /home/jialimeng/duo_package_expersence/install/cpp02_topic/share/ament_index/resource_index/package_run_dependencies/cpp02_topic\n'}
[0.565146] (cpp02_topic) StdoutLine: {'line': b'-- Up-to-date: /home/jialimeng/duo_package_expersence/install/cpp02_topic/share/ament_index/resource_index/parent_prefix_path/cpp02_topic\n'}
[0.565201] (cpp02_topic) StdoutLine: {'line': b'-- Up-to-date: /home/jialimeng/duo_package_expersence/install/cpp02_topic/share/cpp02_topic/environment/ament_prefix_path.sh\n'}
[0.565283] (cpp02_topic) StdoutLine: {'line': b'-- Up-to-date: /home/jialimeng/duo_package_expersence/install/cpp02_topic/share/cpp02_topic/environment/ament_prefix_path.dsv\n'}
[0.565315] (cpp02_topic) StdoutLine: {'line': b'-- Up-to-date: /home/jialimeng/duo_package_expersence/install/cpp02_topic/share/cpp02_topic/environment/path.sh\n'}
[0.565343] (cpp02_topic) StdoutLine: {'line': b'-- Up-to-date: /home/jialimeng/duo_package_expersence/install/cpp02_topic/share/cpp02_topic/environment/path.dsv\n'}
[0.565371] (cpp02_topic) StdoutLine: {'line': b'-- Up-to-date: /home/jialimeng/duo_package_expersence/install/cpp02_topic/share/cpp02_topic/local_setup.bash\n'}
[0.565400] (cpp02_topic) StdoutLine: {'line': b'-- Up-to-date: /home/jialimeng/duo_package_expersence/install/cpp02_topic/share/cpp02_topic/local_setup.sh\n'}
[0.565428] (cpp02_topic) StdoutLine: {'line': b'-- Up-to-date: /home/jialimeng/duo_package_expersence/install/cpp02_topic/share/cpp02_topic/local_setup.zsh\n'}
[0.565455] (cpp02_topic) StdoutLine: {'line': b'-- Up-to-date: /home/jialimeng/duo_package_expersence/install/cpp02_topic/share/cpp02_topic/local_setup.dsv\n'}
[0.565482] (cpp02_topic) StdoutLine: {'line': b'-- Up-to-date: /home/jialimeng/duo_package_expersence/install/cpp02_topic/share/cpp02_topic/package.dsv\n'}
[0.565591] (cpp02_topic) StdoutLine: {'line': b'-- Up-to-date: /home/jialimeng/duo_package_expersence/install/cpp02_topic/share/ament_index/resource_index/packages/cpp02_topic\n'}
[0.565640] (cpp02_topic) StdoutLine: {'line': b'-- Up-to-date: /home/jialimeng/duo_package_expersence/install/cpp02_topic/share/cpp02_topic/cmake/cpp02_topicConfig.cmake\n'}
[0.565683] (cpp02_topic) StdoutLine: {'line': b'-- Up-to-date: /home/jialimeng/duo_package_expersence/install/cpp02_topic/share/cpp02_topic/cmake/cpp02_topicConfig-version.cmake\n'}
[0.565723] (cpp02_topic) StdoutLine: {'line': b'-- Up-to-date: /home/jialimeng/duo_package_expersence/install/cpp02_topic/share/cpp02_topic/package.xml\n'}
[0.566216] (cpp02_topic) CommandEnded: {'returncode': 0}
[0.588072] (cpp02_topic) JobEnded: {'identifier': 'cpp02_topic', 'rc': 0}
[0.588436] (-) EventReactorShutdown: {}
