[0.000000] (-) TimerEvent: {}
[0.000270] (cpp01_topic) JobQueued: {'identifier': 'cpp01_topic', 'dependencies': OrderedDict()}
[0.000285] (cpp02_topic) JobQueued: {'identifier': 'cpp02_topic', 'dependencies': OrderedDict([('cpp01_topic', '/home/jialimeng/duo_package_expersence/install/cpp01_topic')])}
[0.000583] (cpp01_topic) JobStarted: {'identifier': 'cpp01_topic'}
[0.004247] (cpp01_topic) JobProgress: {'identifier': 'cpp01_topic', 'progress': 'cmake'}
[0.004338] (cpp01_topic) Command: {'cmd': ['/usr/bin/cmake', '/home/jialimeng/duo_package_expersence/src/cpp01_topic', '-DCMAKE_BUILD_TYPE=Debug', '-DCMAKE_INSTALL_PREFIX=/home/jialimeng/duo_package_expersence/install/cpp01_topic'], 'cwd': '/home/jialimeng/duo_package_expersence/build/cpp01_topic', 'env': OrderedDict([('LESSOPEN', '| /usr/bin/lesspipe %s'), ('USER', 'jialimeng'), ('SSH_CLIENT', '192.168.110.109 49964 22'), ('LC_TIME', 'zh_CN.UTF-8'), ('XDG_SESSION_TYPE', 'tty'), ('GIT_ASKPASS', '/home/jialimeng/.vscode-server/cli/servers/Stable-f1a4fb101478ce6ec82fe9627c43efbf9e98c813/server/extensions/git/dist/askpass.sh'), ('SHLVL', '0'), ('LD_LIBRARY_PATH', '/opt/ros/humble/opt/rviz_ogre_vendor/lib:/opt/ros/humble/lib/x86_64-linux-gnu:/opt/ros/humble/lib'), ('BROWSER', '/home/jialimeng/.vscode-server/cli/servers/Stable-f1a4fb101478ce6ec82fe9627c43efbf9e98c813/server/bin/helpers/browser.sh'), ('MOTD_SHOWN', 'pam'), ('HOME', '/home/jialimeng'), ('TERM_PROGRAM_VERSION', '1.95.3'), ('VSCODE_IPC_HOOK_CLI', '/run/user/1001/vscode-ipc-e3cef4ed-0e69-4bfe-b54a-a86b62401271.sock'), ('ROS_PYTHON_VERSION', '3'), ('VSCODE_GIT_ASKPASS_MAIN', '/home/jialimeng/.vscode-server/cli/servers/Stable-f1a4fb101478ce6ec82fe9627c43efbf9e98c813/server/extensions/git/dist/askpass-main.js'), ('LC_MONETARY', 'zh_CN.UTF-8'), ('VSCODE_GIT_ASKPASS_NODE', '/home/jialimeng/.vscode-server/cli/servers/Stable-f1a4fb101478ce6ec82fe9627c43efbf9e98c813/server/node'), ('SSL_CERT_FILE', '/usr/lib/ssl/certs/ca-certificates.crt'), ('DBUS_SESSION_BUS_ADDRESS', 'unix:path=/run/user/1001/bus'), ('COLORTERM', 'truecolor'), ('ROS_DISTRO', 'humble'), ('LOGNAME', 'jialimeng'), ('_', '/usr/bin/colcon'), ('ROS_VERSION', '2'), ('XDG_SESSION_CLASS', 'user'), ('TERM', 'xterm-256color'), ('XDG_SESSION_ID', '474'), ('ROS_LOCALHOST_ONLY', '0'), ('PATH', '/home/jialimeng/.vscode-server/cli/servers/Stable-f1a4fb101478ce6ec82fe9627c43efbf9e98c813/server/bin/remote-cli:/opt/ros/humble/bin:/usr/local/sbin:/usr/local/bin:/usr/sbin:/usr/bin:/sbin:/bin:/usr/games:/usr/local/games:/snap/bin'), ('LC_ADDRESS', 'zh_CN.UTF-8'), ('XDG_RUNTIME_DIR', '/run/user/1001'), ('SSL_CERT_DIR', '/usr/lib/ssl/certs'), ('LANG', 'en_US.UTF-8'), ('LC_TELEPHONE', 'zh_CN.UTF-8'), ('LS_COLORS', ''), ('VSCODE_GIT_IPC_HANDLE', '/run/user/1001/vscode-git-ac9263bfdb.sock'), ('TERM_PROGRAM', 'vscode'), ('AMENT_PREFIX_PATH', '/opt/ros/humble'), ('SHELL', '/bin/bash'), ('LC_NAME', 'zh_CN.UTF-8'), ('LESSCLOSE', '/usr/bin/lesspipe %s %s'), ('LC_MEASUREMENT', 'zh_CN.UTF-8'), ('LC_IDENTIFICATION', 'zh_CN.UTF-8'), ('VSCODE_GIT_ASKPASS_EXTRA_ARGS', ''), ('PWD', '/home/jialimeng/duo_package_expersence/build/cpp01_topic'), ('SSH_CONNECTION', '192.168.110.109 49964 192.168.110.162 22'), ('XDG_DATA_DIRS', '/usr/share/gnome:/usr/local/share:/usr/share:/var/lib/snapd/desktop'), ('PYTHONPATH', '/opt/ros/humble/lib/python3.10/site-packages:/opt/ros/humble/local/lib/python3.10/dist-packages'), ('LC_NUMERIC', 'zh_CN.UTF-8'), ('LC_PAPER', 'zh_CN.UTF-8'), ('COLCON', '1'), ('CMAKE_PREFIX_PATH', '/opt/ros/humble')]), 'shell': False}
[0.036188] (cpp01_topic) StdoutLine: {'line': b'-- The C compiler identification is GNU 12.3.0\n'}
[0.067521] (cpp01_topic) StdoutLine: {'line': b'-- The CXX compiler identification is GNU 12.3.0\n'}
[0.071357] (cpp01_topic) StdoutLine: {'line': b'-- Detecting C compiler ABI info\n'}
[0.100042] (-) TimerEvent: {}
[0.111404] (cpp01_topic) StdoutLine: {'line': b'-- Detecting C compiler ABI info - done\n'}
[0.115516] (cpp01_topic) StdoutLine: {'line': b'-- Check for working C compiler: /usr/bin/cc - skipped\n'}
[0.115669] (cpp01_topic) StdoutLine: {'line': b'-- Detecting C compile features\n'}
[0.115929] (cpp01_topic) StdoutLine: {'line': b'-- Detecting C compile features - done\n'}
[0.117618] (cpp01_topic) StdoutLine: {'line': b'-- Detecting CXX compiler ABI info\n'}
[0.162936] (cpp01_topic) StdoutLine: {'line': b'-- Detecting CXX compiler ABI info - done\n'}
[0.167021] (cpp01_topic) StdoutLine: {'line': b'-- Check for working CXX compiler: /usr/bin/c++ - skipped\n'}
[0.167223] (cpp01_topic) StdoutLine: {'line': b'-- Detecting CXX compile features\n'}
[0.167461] (cpp01_topic) StdoutLine: {'line': b'-- Detecting CXX compile features - done\n'}
[0.168489] (cpp01_topic) StdoutLine: {'line': b'-- Found ament_cmake: 1.3.10 (/opt/ros/humble/share/ament_cmake/cmake)\n'}
[0.200108] (-) TimerEvent: {}
[0.249553] (cpp01_topic) StdoutLine: {'line': b'-- Found Python3: /usr/bin/python3 (found version "3.10.12") found components: Interpreter \n'}
[0.289915] (cpp01_topic) StdoutLine: {'line': b'-- Found rclcpp: 16.0.10 (/opt/ros/humble/share/rclcpp/cmake)\n'}
[0.300187] (-) TimerEvent: {}
[0.309443] (cpp01_topic) StdoutLine: {'line': b'-- Found rosidl_generator_c: 3.1.5 (/opt/ros/humble/share/rosidl_generator_c/cmake)\n'}
[0.311516] (cpp01_topic) StdoutLine: {'line': b'-- Found rosidl_adapter: 3.1.5 (/opt/ros/humble/share/rosidl_adapter/cmake)\n'}
[0.315306] (cpp01_topic) StdoutLine: {'line': b'-- Found rosidl_generator_cpp: 3.1.5 (/opt/ros/humble/share/rosidl_generator_cpp/cmake)\n'}
[0.320751] (cpp01_topic) StdoutLine: {'line': b'-- Using all available rosidl_typesupport_c: rosidl_typesupport_fastrtps_c;rosidl_typesupport_introspection_c\n'}
[0.328568] (cpp01_topic) StdoutLine: {'line': b'-- Using all available rosidl_typesupport_cpp: rosidl_typesupport_fastrtps_cpp;rosidl_typesupport_introspection_cpp\n'}
[0.349279] (cpp01_topic) StdoutLine: {'line': b'-- Found rmw_implementation_cmake: 6.1.2 (/opt/ros/humble/share/rmw_implementation_cmake/cmake)\n'}
[0.350364] (cpp01_topic) StdoutLine: {'line': b'-- Found rmw_fastrtps_cpp: 6.2.7 (/opt/ros/humble/share/rmw_fastrtps_cpp/cmake)\n'}
[0.400307] (cpp01_topic) StdoutLine: {'line': b'-- Found OpenSSL: /usr/lib/x86_64-linux-gnu/libcrypto.so (found version "3.0.2")  \n'}
[0.400405] (-) TimerEvent: {}
[0.412558] (cpp01_topic) StdoutLine: {'line': b'-- Found FastRTPS: /opt/ros/humble/include  \n'}
[0.432024] (cpp01_topic) StdoutLine: {'line': b"-- Using RMW implementation 'rmw_fastrtps_cpp' as default\n"}
[0.435802] (cpp01_topic) StdoutLine: {'line': b'-- Looking for pthread.h\n'}
[0.478222] (cpp01_topic) StdoutLine: {'line': b'-- Looking for pthread.h - found\n'}
[0.478478] (cpp01_topic) StdoutLine: {'line': b'-- Performing Test CMAKE_HAVE_LIBC_PTHREAD\n'}
[0.500507] (-) TimerEvent: {}
[0.520786] (cpp01_topic) StdoutLine: {'line': b'-- Performing Test CMAKE_HAVE_LIBC_PTHREAD - Success\n'}
[0.521537] (cpp01_topic) StdoutLine: {'line': b'-- Found Threads: TRUE  \n'}
[0.551279] (cpp01_topic) StdoutLine: {'line': b'-- Found ament_lint_auto: 0.12.11 (/opt/ros/humble/share/ament_lint_auto/cmake)\n'}
[0.590773] (cpp01_topic) StdoutLine: {'line': b"-- Added test 'cppcheck' to perform static code analysis on C / C++ code\n"}
[0.590913] (cpp01_topic) StdoutLine: {'line': b'-- Configured cppcheck include dirs: /home/jialimeng/duo_package_expersence/src/cpp01_topic/core/include;/home/jialimeng/duo_package_expersence/src/cpp01_topic/master/include\n'}
[0.590952] (cpp01_topic) StdoutLine: {'line': b'-- Configured cppcheck exclude dirs and/or files: \n'}
[0.591433] (cpp01_topic) StdoutLine: {'line': b"-- Added test 'lint_cmake' to check CMake code style\n"}
[0.591911] (cpp01_topic) StdoutLine: {'line': b"-- Added test 'uncrustify' to check C / C++ code style\n"}
[0.591952] (cpp01_topic) StdoutLine: {'line': b'-- Configured uncrustify additional arguments: \n'}
[0.592193] (cpp01_topic) StdoutLine: {'line': b"-- Added test 'xmllint' to check XML markup files\n"}
[0.592767] (cpp01_topic) StdoutLine: {'line': b'-- Configuring done\n'}
[0.596764] (cpp01_topic) StdoutLine: {'line': b'-- Generating done\n'}
[0.597666] (cpp01_topic) StdoutLine: {'line': b'-- Build files have been written to: /home/jialimeng/duo_package_expersence/build/cpp01_topic\n'}
[0.600564] (-) TimerEvent: {}
[0.603441] (cpp01_topic) CommandEnded: {'returncode': 0}
[0.603737] (cpp01_topic) JobProgress: {'identifier': 'cpp01_topic', 'progress': 'build'}
[0.604214] (cpp01_topic) Command: {'cmd': ['/usr/bin/cmake', '--build', '/home/jialimeng/duo_package_expersence/build/cpp01_topic', '--', '-j22', '-l22'], 'cwd': '/home/jialimeng/duo_package_expersence/build/cpp01_topic', 'env': OrderedDict([('LESSOPEN', '| /usr/bin/lesspipe %s'), ('USER', 'jialimeng'), ('SSH_CLIENT', '192.168.110.109 49964 22'), ('LC_TIME', 'zh_CN.UTF-8'), ('XDG_SESSION_TYPE', 'tty'), ('GIT_ASKPASS', '/home/jialimeng/.vscode-server/cli/servers/Stable-f1a4fb101478ce6ec82fe9627c43efbf9e98c813/server/extensions/git/dist/askpass.sh'), ('SHLVL', '0'), ('LD_LIBRARY_PATH', '/opt/ros/humble/opt/rviz_ogre_vendor/lib:/opt/ros/humble/lib/x86_64-linux-gnu:/opt/ros/humble/lib'), ('BROWSER', '/home/jialimeng/.vscode-server/cli/servers/Stable-f1a4fb101478ce6ec82fe9627c43efbf9e98c813/server/bin/helpers/browser.sh'), ('MOTD_SHOWN', 'pam'), ('HOME', '/home/jialimeng'), ('TERM_PROGRAM_VERSION', '1.95.3'), ('VSCODE_IPC_HOOK_CLI', '/run/user/1001/vscode-ipc-e3cef4ed-0e69-4bfe-b54a-a86b62401271.sock'), ('ROS_PYTHON_VERSION', '3'), ('VSCODE_GIT_ASKPASS_MAIN', '/home/jialimeng/.vscode-server/cli/servers/Stable-f1a4fb101478ce6ec82fe9627c43efbf9e98c813/server/extensions/git/dist/askpass-main.js'), ('LC_MONETARY', 'zh_CN.UTF-8'), ('VSCODE_GIT_ASKPASS_NODE', '/home/jialimeng/.vscode-server/cli/servers/Stable-f1a4fb101478ce6ec82fe9627c43efbf9e98c813/server/node'), ('SSL_CERT_FILE', '/usr/lib/ssl/certs/ca-certificates.crt'), ('DBUS_SESSION_BUS_ADDRESS', 'unix:path=/run/user/1001/bus'), ('COLORTERM', 'truecolor'), ('ROS_DISTRO', 'humble'), ('LOGNAME', 'jialimeng'), ('_', '/usr/bin/colcon'), ('ROS_VERSION', '2'), ('XDG_SESSION_CLASS', 'user'), ('TERM', 'xterm-256color'), ('XDG_SESSION_ID', '474'), ('ROS_LOCALHOST_ONLY', '0'), ('PATH', '/home/jialimeng/.vscode-server/cli/servers/Stable-f1a4fb101478ce6ec82fe9627c43efbf9e98c813/server/bin/remote-cli:/opt/ros/humble/bin:/usr/local/sbin:/usr/local/bin:/usr/sbin:/usr/bin:/sbin:/bin:/usr/games:/usr/local/games:/snap/bin'), ('LC_ADDRESS', 'zh_CN.UTF-8'), ('XDG_RUNTIME_DIR', '/run/user/1001'), ('SSL_CERT_DIR', '/usr/lib/ssl/certs'), ('LANG', 'en_US.UTF-8'), ('LC_TELEPHONE', 'zh_CN.UTF-8'), ('LS_COLORS', ''), ('VSCODE_GIT_IPC_HANDLE', '/run/user/1001/vscode-git-ac9263bfdb.sock'), ('TERM_PROGRAM', 'vscode'), ('AMENT_PREFIX_PATH', '/opt/ros/humble'), ('SHELL', '/bin/bash'), ('LC_NAME', 'zh_CN.UTF-8'), ('LESSCLOSE', '/usr/bin/lesspipe %s %s'), ('LC_MEASUREMENT', 'zh_CN.UTF-8'), ('LC_IDENTIFICATION', 'zh_CN.UTF-8'), ('VSCODE_GIT_ASKPASS_EXTRA_ARGS', ''), ('PWD', '/home/jialimeng/duo_package_expersence/build/cpp01_topic'), ('SSH_CONNECTION', '192.168.110.109 49964 192.168.110.162 22'), ('XDG_DATA_DIRS', '/usr/share/gnome:/usr/local/share:/usr/share:/var/lib/snapd/desktop'), ('PYTHONPATH', '/opt/ros/humble/lib/python3.10/site-packages:/opt/ros/humble/local/lib/python3.10/dist-packages'), ('LC_NUMERIC', 'zh_CN.UTF-8'), ('LC_PAPER', 'zh_CN.UTF-8'), ('COLCON', '1'), ('CMAKE_PREFIX_PATH', '/opt/ros/humble')]), 'shell': False}
[0.632346] (cpp01_topic) StdoutLine: {'line': b'[ 25%] \x1b[32mBuilding CXX object master/CMakeFiles/mycat.dir/src/cat.cpp.o\x1b[0m\n'}
[0.633044] (cpp01_topic) StdoutLine: {'line': b'[ 50%] \x1b[32mBuilding CXX object core/src/CMakeFiles/mydog.dir/dog.cpp.o\x1b[0m\n'}
[0.700682] (-) TimerEvent: {}
[0.792925] (cpp01_topic) StdoutLine: {'line': b'[100%] \x1b[32m\x1b[1mLinking CXX shared library libmycat.so\x1b[0m\n'}
[0.793051] (cpp01_topic) StdoutLine: {'line': b'[100%] \x1b[32m\x1b[1mLinking CXX shared library libmydog.so\x1b[0m\n'}
[0.800759] (-) TimerEvent: {}
[0.840089] (cpp01_topic) StdoutLine: {'line': b'[100%] Built target mydog\n'}
[0.840228] (cpp01_topic) StdoutLine: {'line': b'[100%] Built target mycat\n'}
[0.845606] (cpp01_topic) CommandEnded: {'returncode': 0}
[0.858942] (cpp01_topic) JobProgress: {'identifier': 'cpp01_topic', 'progress': 'install'}
[0.863508] (cpp01_topic) Command: {'cmd': ['/usr/bin/cmake', '--install', '/home/jialimeng/duo_package_expersence/build/cpp01_topic'], 'cwd': '/home/jialimeng/duo_package_expersence/build/cpp01_topic', 'env': OrderedDict([('LESSOPEN', '| /usr/bin/lesspipe %s'), ('USER', 'jialimeng'), ('SSH_CLIENT', '192.168.110.109 49964 22'), ('LC_TIME', 'zh_CN.UTF-8'), ('XDG_SESSION_TYPE', 'tty'), ('GIT_ASKPASS', '/home/jialimeng/.vscode-server/cli/servers/Stable-f1a4fb101478ce6ec82fe9627c43efbf9e98c813/server/extensions/git/dist/askpass.sh'), ('SHLVL', '0'), ('LD_LIBRARY_PATH', '/opt/ros/humble/opt/rviz_ogre_vendor/lib:/opt/ros/humble/lib/x86_64-linux-gnu:/opt/ros/humble/lib'), ('BROWSER', '/home/jialimeng/.vscode-server/cli/servers/Stable-f1a4fb101478ce6ec82fe9627c43efbf9e98c813/server/bin/helpers/browser.sh'), ('MOTD_SHOWN', 'pam'), ('HOME', '/home/jialimeng'), ('TERM_PROGRAM_VERSION', '1.95.3'), ('VSCODE_IPC_HOOK_CLI', '/run/user/1001/vscode-ipc-e3cef4ed-0e69-4bfe-b54a-a86b62401271.sock'), ('ROS_PYTHON_VERSION', '3'), ('VSCODE_GIT_ASKPASS_MAIN', '/home/jialimeng/.vscode-server/cli/servers/Stable-f1a4fb101478ce6ec82fe9627c43efbf9e98c813/server/extensions/git/dist/askpass-main.js'), ('LC_MONETARY', 'zh_CN.UTF-8'), ('VSCODE_GIT_ASKPASS_NODE', '/home/jialimeng/.vscode-server/cli/servers/Stable-f1a4fb101478ce6ec82fe9627c43efbf9e98c813/server/node'), ('SSL_CERT_FILE', '/usr/lib/ssl/certs/ca-certificates.crt'), ('DBUS_SESSION_BUS_ADDRESS', 'unix:path=/run/user/1001/bus'), ('COLORTERM', 'truecolor'), ('ROS_DISTRO', 'humble'), ('LOGNAME', 'jialimeng'), ('_', '/usr/bin/colcon'), ('ROS_VERSION', '2'), ('XDG_SESSION_CLASS', 'user'), ('TERM', 'xterm-256color'), ('XDG_SESSION_ID', '474'), ('ROS_LOCALHOST_ONLY', '0'), ('PATH', '/home/jialimeng/.vscode-server/cli/servers/Stable-f1a4fb101478ce6ec82fe9627c43efbf9e98c813/server/bin/remote-cli:/opt/ros/humble/bin:/usr/local/sbin:/usr/local/bin:/usr/sbin:/usr/bin:/sbin:/bin:/usr/games:/usr/local/games:/snap/bin'), ('LC_ADDRESS', 'zh_CN.UTF-8'), ('XDG_RUNTIME_DIR', '/run/user/1001'), ('SSL_CERT_DIR', '/usr/lib/ssl/certs'), ('LANG', 'en_US.UTF-8'), ('LC_TELEPHONE', 'zh_CN.UTF-8'), ('LS_COLORS', ''), ('VSCODE_GIT_IPC_HANDLE', '/run/user/1001/vscode-git-ac9263bfdb.sock'), ('TERM_PROGRAM', 'vscode'), ('AMENT_PREFIX_PATH', '/opt/ros/humble'), ('SHELL', '/bin/bash'), ('LC_NAME', 'zh_CN.UTF-8'), ('LESSCLOSE', '/usr/bin/lesspipe %s %s'), ('LC_MEASUREMENT', 'zh_CN.UTF-8'), ('LC_IDENTIFICATION', 'zh_CN.UTF-8'), ('VSCODE_GIT_ASKPASS_EXTRA_ARGS', ''), ('PWD', '/home/jialimeng/duo_package_expersence/build/cpp01_topic'), ('SSH_CONNECTION', '192.168.110.109 49964 192.168.110.162 22'), ('XDG_DATA_DIRS', '/usr/share/gnome:/usr/local/share:/usr/share:/var/lib/snapd/desktop'), ('PYTHONPATH', '/opt/ros/humble/lib/python3.10/site-packages:/opt/ros/humble/local/lib/python3.10/dist-packages'), ('LC_NUMERIC', 'zh_CN.UTF-8'), ('LC_PAPER', 'zh_CN.UTF-8'), ('COLCON', '1'), ('CMAKE_PREFIX_PATH', '/opt/ros/humble')]), 'shell': False}
[0.867785] (cpp01_topic) StdoutLine: {'line': b'-- Install configuration: "Debug"\n'}
[0.867908] (cpp01_topic) StdoutLine: {'line': b'-- Installing: /home/jialimeng/duo_package_expersence/install/cpp01_topic/share/ament_index/resource_index/package_run_dependencies/cpp01_topic\n'}
[0.868068] (cpp01_topic) StdoutLine: {'line': b'-- Installing: /home/jialimeng/duo_package_expersence/install/cpp01_topic/share/ament_index/resource_index/parent_prefix_path/cpp01_topic\n'}
[0.868136] (cpp01_topic) StdoutLine: {'line': b'-- Installing: /home/jialimeng/duo_package_expersence/install/cpp01_topic/share/cpp01_topic/environment/ament_prefix_path.sh\n'}
[0.868188] (cpp01_topic) StdoutLine: {'line': b'-- Installing: /home/jialimeng/duo_package_expersence/install/cpp01_topic/share/cpp01_topic/environment/ament_prefix_path.dsv\n'}
[0.868245] (cpp01_topic) StdoutLine: {'line': b'-- Installing: /home/jialimeng/duo_package_expersence/install/cpp01_topic/share/cpp01_topic/environment/path.sh\n'}
[0.868287] (cpp01_topic) StdoutLine: {'line': b'-- Installing: /home/jialimeng/duo_package_expersence/install/cpp01_topic/share/cpp01_topic/environment/path.dsv\n'}
[0.868335] (cpp01_topic) StdoutLine: {'line': b'-- Installing: /home/jialimeng/duo_package_expersence/install/cpp01_topic/share/cpp01_topic/local_setup.bash\n'}
[0.868384] (cpp01_topic) StdoutLine: {'line': b'-- Installing: /home/jialimeng/duo_package_expersence/install/cpp01_topic/share/cpp01_topic/local_setup.sh\n'}
[0.868438] (cpp01_topic) StdoutLine: {'line': b'-- Installing: /home/jialimeng/duo_package_expersence/install/cpp01_topic/share/cpp01_topic/local_setup.zsh\n'}
[0.868487] (cpp01_topic) StdoutLine: {'line': b'-- Installing: /home/jialimeng/duo_package_expersence/install/cpp01_topic/share/cpp01_topic/local_setup.dsv\n'}
[0.868533] (cpp01_topic) StdoutLine: {'line': b'-- Installing: /home/jialimeng/duo_package_expersence/install/cpp01_topic/share/cpp01_topic/package.dsv\n'}
[0.868597] (cpp01_topic) StdoutLine: {'line': b'-- Installing: /home/jialimeng/duo_package_expersence/install/cpp01_topic/share/ament_index/resource_index/packages/cpp01_topic\n'}
[0.868655] (cpp01_topic) StdoutLine: {'line': b'-- Installing: /home/jialimeng/duo_package_expersence/install/cpp01_topic/share/cpp01_topic/cmake/cpp01_topicConfig.cmake\n'}
[0.868692] (cpp01_topic) StdoutLine: {'line': b'-- Installing: /home/jialimeng/duo_package_expersence/install/cpp01_topic/share/cpp01_topic/cmake/cpp01_topicConfig-version.cmake\n'}
[0.868738] (cpp01_topic) StdoutLine: {'line': b'-- Installing: /home/jialimeng/duo_package_expersence/install/cpp01_topic/share/cpp01_topic/package.xml\n'}
[0.869035] (cpp01_topic) StdoutLine: {'line': b'-- Installing: /home/jialimeng/duo_package_expersence/install/cpp01_topic/lib/cpp01_topic/libmydog.so\n'}
[0.869365] (cpp01_topic) StdoutLine: {'line': b'-- Installing: /home/jialimeng/duo_package_expersence/install/cpp01_topic/lib/cpp01_topic/libmycat.so\n'}
[0.870536] (cpp01_topic) CommandEnded: {'returncode': 0}
[0.891967] (cpp01_topic) JobEnded: {'identifier': 'cpp01_topic', 'rc': 0}
[0.892482] (cpp02_topic) JobStarted: {'identifier': 'cpp02_topic'}
[0.894730] (cpp02_topic) JobProgress: {'identifier': 'cpp02_topic', 'progress': 'cmake'}
[0.894916] (cpp02_topic) Command: {'cmd': ['/usr/bin/cmake', '/home/jialimeng/duo_package_expersence/src/cpp02_topic', '-DCMAKE_BUILD_TYPE=Debug', '-DCMAKE_INSTALL_PREFIX=/home/jialimeng/duo_package_expersence/install/cpp02_topic'], 'cwd': '/home/jialimeng/duo_package_expersence/build/cpp02_topic', 'env': OrderedDict([('LESSOPEN', '| /usr/bin/lesspipe %s'), ('USER', 'jialimeng'), ('SSH_CLIENT', '192.168.110.109 49964 22'), ('LC_TIME', 'zh_CN.UTF-8'), ('XDG_SESSION_TYPE', 'tty'), ('GIT_ASKPASS', '/home/jialimeng/.vscode-server/cli/servers/Stable-f1a4fb101478ce6ec82fe9627c43efbf9e98c813/server/extensions/git/dist/askpass.sh'), ('SHLVL', '0'), ('LD_LIBRARY_PATH', '/opt/ros/humble/opt/rviz_ogre_vendor/lib:/opt/ros/humble/lib/x86_64-linux-gnu:/opt/ros/humble/lib'), ('BROWSER', '/home/jialimeng/.vscode-server/cli/servers/Stable-f1a4fb101478ce6ec82fe9627c43efbf9e98c813/server/bin/helpers/browser.sh'), ('MOTD_SHOWN', 'pam'), ('HOME', '/home/jialimeng'), ('TERM_PROGRAM_VERSION', '1.95.3'), ('VSCODE_IPC_HOOK_CLI', '/run/user/1001/vscode-ipc-e3cef4ed-0e69-4bfe-b54a-a86b62401271.sock'), ('ROS_PYTHON_VERSION', '3'), ('VSCODE_GIT_ASKPASS_MAIN', '/home/jialimeng/.vscode-server/cli/servers/Stable-f1a4fb101478ce6ec82fe9627c43efbf9e98c813/server/extensions/git/dist/askpass-main.js'), ('LC_MONETARY', 'zh_CN.UTF-8'), ('VSCODE_GIT_ASKPASS_NODE', '/home/jialimeng/.vscode-server/cli/servers/Stable-f1a4fb101478ce6ec82fe9627c43efbf9e98c813/server/node'), ('SSL_CERT_FILE', '/usr/lib/ssl/certs/ca-certificates.crt'), ('DBUS_SESSION_BUS_ADDRESS', 'unix:path=/run/user/1001/bus'), ('COLORTERM', 'truecolor'), ('ROS_DISTRO', 'humble'), ('LOGNAME', 'jialimeng'), ('_', '/usr/bin/colcon'), ('ROS_VERSION', '2'), ('XDG_SESSION_CLASS', 'user'), ('TERM', 'xterm-256color'), ('XDG_SESSION_ID', '474'), ('ROS_LOCALHOST_ONLY', '0'), ('PATH', '/home/jialimeng/.vscode-server/cli/servers/Stable-f1a4fb101478ce6ec82fe9627c43efbf9e98c813/server/bin/remote-cli:/opt/ros/humble/bin:/usr/local/sbin:/usr/local/bin:/usr/sbin:/usr/bin:/sbin:/bin:/usr/games:/usr/local/games:/snap/bin'), ('LC_ADDRESS', 'zh_CN.UTF-8'), ('XDG_RUNTIME_DIR', '/run/user/1001'), ('SSL_CERT_DIR', '/usr/lib/ssl/certs'), ('LANG', 'en_US.UTF-8'), ('LC_TELEPHONE', 'zh_CN.UTF-8'), ('LS_COLORS', ''), ('VSCODE_GIT_IPC_HANDLE', '/run/user/1001/vscode-git-ac9263bfdb.sock'), ('TERM_PROGRAM', 'vscode'), ('AMENT_PREFIX_PATH', '/home/jialimeng/duo_package_expersence/install/cpp01_topic:/opt/ros/humble'), ('SHELL', '/bin/bash'), ('LC_NAME', 'zh_CN.UTF-8'), ('LESSCLOSE', '/usr/bin/lesspipe %s %s'), ('LC_MEASUREMENT', 'zh_CN.UTF-8'), ('LC_IDENTIFICATION', 'zh_CN.UTF-8'), ('VSCODE_GIT_ASKPASS_EXTRA_ARGS', ''), ('PWD', '/home/jialimeng/duo_package_expersence/build/cpp02_topic'), ('SSH_CONNECTION', '192.168.110.109 49964 192.168.110.162 22'), ('XDG_DATA_DIRS', '/usr/share/gnome:/usr/local/share:/usr/share:/var/lib/snapd/desktop'), ('PYTHONPATH', '/opt/ros/humble/lib/python3.10/site-packages:/opt/ros/humble/local/lib/python3.10/dist-packages'), ('LC_NUMERIC', 'zh_CN.UTF-8'), ('LC_PAPER', 'zh_CN.UTF-8'), ('COLCON', '1'), ('CMAKE_PREFIX_PATH', '/home/jialimeng/duo_package_expersence/install/cpp01_topic:/opt/ros/humble')]), 'shell': False}
[0.900827] (-) TimerEvent: {}
[0.927347] (cpp02_topic) StdoutLine: {'line': b'-- The C compiler identification is GNU 12.3.0\n'}
[0.959777] (cpp02_topic) StdoutLine: {'line': b'-- The CXX compiler identification is GNU 12.3.0\n'}
[0.963826] (cpp02_topic) StdoutLine: {'line': b'-- Detecting C compiler ABI info\n'}
[1.000935] (-) TimerEvent: {}
[1.004483] (cpp02_topic) StdoutLine: {'line': b'-- Detecting C compiler ABI info - done\n'}
[1.008863] (cpp02_topic) StdoutLine: {'line': b'-- Check for working C compiler: /usr/bin/cc - skipped\n'}
[1.009006] (cpp02_topic) StdoutLine: {'line': b'-- Detecting C compile features\n'}
[1.009209] (cpp02_topic) StdoutLine: {'line': b'-- Detecting C compile features - done\n'}
[1.010806] (cpp02_topic) StdoutLine: {'line': b'-- Detecting CXX compiler ABI info\n'}
[1.060391] (cpp02_topic) StdoutLine: {'line': b'-- Detecting CXX compiler ABI info - done\n'}
[1.064520] (cpp02_topic) StdoutLine: {'line': b'-- Check for working CXX compiler: /usr/bin/c++ - skipped\n'}
[1.064699] (cpp02_topic) StdoutLine: {'line': b'-- Detecting CXX compile features\n'}
[1.064992] (cpp02_topic) StdoutLine: {'line': b'-- Detecting CXX compile features - done\n'}
[1.066201] (cpp02_topic) StdoutLine: {'line': b'-- Found ament_cmake: 1.3.10 (/opt/ros/humble/share/ament_cmake/cmake)\n'}
[1.101013] (-) TimerEvent: {}
[1.144962] (cpp02_topic) StdoutLine: {'line': b'-- Found Python3: /usr/bin/python3 (found version "3.10.12") found components: Interpreter \n'}
[1.186976] (cpp02_topic) StdoutLine: {'line': b'-- Found rclcpp: 16.0.10 (/opt/ros/humble/share/rclcpp/cmake)\n'}
[1.201102] (-) TimerEvent: {}
[1.206256] (cpp02_topic) StdoutLine: {'line': b'-- Found rosidl_generator_c: 3.1.5 (/opt/ros/humble/share/rosidl_generator_c/cmake)\n'}
[1.208395] (cpp02_topic) StdoutLine: {'line': b'-- Found rosidl_adapter: 3.1.5 (/opt/ros/humble/share/rosidl_adapter/cmake)\n'}
[1.212039] (cpp02_topic) StdoutLine: {'line': b'-- Found rosidl_generator_cpp: 3.1.5 (/opt/ros/humble/share/rosidl_generator_cpp/cmake)\n'}
[1.217528] (cpp02_topic) StdoutLine: {'line': b'-- Using all available rosidl_typesupport_c: rosidl_typesupport_fastrtps_c;rosidl_typesupport_introspection_c\n'}
[1.224935] (cpp02_topic) StdoutLine: {'line': b'-- Using all available rosidl_typesupport_cpp: rosidl_typesupport_fastrtps_cpp;rosidl_typesupport_introspection_cpp\n'}
[1.245634] (cpp02_topic) StdoutLine: {'line': b'-- Found rmw_implementation_cmake: 6.1.2 (/opt/ros/humble/share/rmw_implementation_cmake/cmake)\n'}
[1.246738] (cpp02_topic) StdoutLine: {'line': b'-- Found rmw_fastrtps_cpp: 6.2.7 (/opt/ros/humble/share/rmw_fastrtps_cpp/cmake)\n'}
[1.291423] (cpp02_topic) StdoutLine: {'line': b'-- Found OpenSSL: /usr/lib/x86_64-linux-gnu/libcrypto.so (found version "3.0.2")  \n'}
[1.301171] (-) TimerEvent: {}
[1.306440] (cpp02_topic) StdoutLine: {'line': b'-- Found FastRTPS: /opt/ros/humble/include  \n'}
[1.326025] (cpp02_topic) StdoutLine: {'line': b"-- Using RMW implementation 'rmw_fastrtps_cpp' as default\n"}
[1.329807] (cpp02_topic) StdoutLine: {'line': b'-- Looking for pthread.h\n'}
[1.371202] (cpp02_topic) StdoutLine: {'line': b'-- Looking for pthread.h - found\n'}
[1.371492] (cpp02_topic) StdoutLine: {'line': b'-- Performing Test CMAKE_HAVE_LIBC_PTHREAD\n'}
[1.401267] (-) TimerEvent: {}
[1.420172] (cpp02_topic) StdoutLine: {'line': b'-- Performing Test CMAKE_HAVE_LIBC_PTHREAD - Success\n'}
[1.420818] (cpp02_topic) StdoutLine: {'line': b'-- Found Threads: TRUE  \n'}
[1.446559] (cpp02_topic) StdoutLine: {'line': b'-- Found cpp01_topic: 0.0.0 (/home/jialimeng/duo_package_expersence/install/cpp01_topic/share/cpp01_topic/cmake)\n'}
[1.447683] (cpp02_topic) StdoutLine: {'line': b'-- Found ament_lint_auto: 0.12.11 (/opt/ros/humble/share/ament_lint_auto/cmake)\n'}
[1.486304] (cpp02_topic) StdoutLine: {'line': b"-- Added test 'cppcheck' to perform static code analysis on C / C++ code\n"}
[1.486410] (cpp02_topic) StdoutLine: {'line': b'-- Configured cppcheck include dirs: $<BUILD_INTERFACE:/home/jialimeng/duo_package_expersence/src/cpp02_topic/include>\n'}
[1.486443] (cpp02_topic) StdoutLine: {'line': b'-- Configured cppcheck exclude dirs and/or files: \n'}
[1.486709] (cpp02_topic) StdoutLine: {'line': b"-- Added test 'lint_cmake' to check CMake code style\n"}
[1.487046] (cpp02_topic) StdoutLine: {'line': b"-- Added test 'uncrustify' to check C / C++ code style\n"}
[1.487111] (cpp02_topic) StdoutLine: {'line': b'-- Configured uncrustify additional arguments: \n'}
[1.487306] (cpp02_topic) StdoutLine: {'line': b"-- Added test 'xmllint' to check XML markup files\n"}
[1.487778] (cpp02_topic) StdoutLine: {'line': b'-- Configuring done\n'}
[1.491938] (cpp02_topic) StdoutLine: {'line': b'-- Generating done\n'}
[1.492582] (cpp02_topic) StdoutLine: {'line': b'-- Build files have been written to: /home/jialimeng/duo_package_expersence/build/cpp02_topic\n'}
[1.497725] (cpp02_topic) CommandEnded: {'returncode': 0}
[1.498097] (cpp02_topic) JobProgress: {'identifier': 'cpp02_topic', 'progress': 'build'}
[1.498241] (cpp02_topic) Command: {'cmd': ['/usr/bin/cmake', '--build', '/home/jialimeng/duo_package_expersence/build/cpp02_topic', '--', '-j22', '-l22'], 'cwd': '/home/jialimeng/duo_package_expersence/build/cpp02_topic', 'env': OrderedDict([('LESSOPEN', '| /usr/bin/lesspipe %s'), ('USER', 'jialimeng'), ('SSH_CLIENT', '192.168.110.109 49964 22'), ('LC_TIME', 'zh_CN.UTF-8'), ('XDG_SESSION_TYPE', 'tty'), ('GIT_ASKPASS', '/home/jialimeng/.vscode-server/cli/servers/Stable-f1a4fb101478ce6ec82fe9627c43efbf9e98c813/server/extensions/git/dist/askpass.sh'), ('SHLVL', '0'), ('LD_LIBRARY_PATH', '/opt/ros/humble/opt/rviz_ogre_vendor/lib:/opt/ros/humble/lib/x86_64-linux-gnu:/opt/ros/humble/lib'), ('BROWSER', '/home/jialimeng/.vscode-server/cli/servers/Stable-f1a4fb101478ce6ec82fe9627c43efbf9e98c813/server/bin/helpers/browser.sh'), ('MOTD_SHOWN', 'pam'), ('HOME', '/home/jialimeng'), ('TERM_PROGRAM_VERSION', '1.95.3'), ('VSCODE_IPC_HOOK_CLI', '/run/user/1001/vscode-ipc-e3cef4ed-0e69-4bfe-b54a-a86b62401271.sock'), ('ROS_PYTHON_VERSION', '3'), ('VSCODE_GIT_ASKPASS_MAIN', '/home/jialimeng/.vscode-server/cli/servers/Stable-f1a4fb101478ce6ec82fe9627c43efbf9e98c813/server/extensions/git/dist/askpass-main.js'), ('LC_MONETARY', 'zh_CN.UTF-8'), ('VSCODE_GIT_ASKPASS_NODE', '/home/jialimeng/.vscode-server/cli/servers/Stable-f1a4fb101478ce6ec82fe9627c43efbf9e98c813/server/node'), ('SSL_CERT_FILE', '/usr/lib/ssl/certs/ca-certificates.crt'), ('DBUS_SESSION_BUS_ADDRESS', 'unix:path=/run/user/1001/bus'), ('COLORTERM', 'truecolor'), ('ROS_DISTRO', 'humble'), ('LOGNAME', 'jialimeng'), ('_', '/usr/bin/colcon'), ('ROS_VERSION', '2'), ('XDG_SESSION_CLASS', 'user'), ('TERM', 'xterm-256color'), ('XDG_SESSION_ID', '474'), ('ROS_LOCALHOST_ONLY', '0'), ('PATH', '/home/jialimeng/.vscode-server/cli/servers/Stable-f1a4fb101478ce6ec82fe9627c43efbf9e98c813/server/bin/remote-cli:/opt/ros/humble/bin:/usr/local/sbin:/usr/local/bin:/usr/sbin:/usr/bin:/sbin:/bin:/usr/games:/usr/local/games:/snap/bin'), ('LC_ADDRESS', 'zh_CN.UTF-8'), ('XDG_RUNTIME_DIR', '/run/user/1001'), ('SSL_CERT_DIR', '/usr/lib/ssl/certs'), ('LANG', 'en_US.UTF-8'), ('LC_TELEPHONE', 'zh_CN.UTF-8'), ('LS_COLORS', ''), ('VSCODE_GIT_IPC_HANDLE', '/run/user/1001/vscode-git-ac9263bfdb.sock'), ('TERM_PROGRAM', 'vscode'), ('AMENT_PREFIX_PATH', '/home/jialimeng/duo_package_expersence/install/cpp01_topic:/opt/ros/humble'), ('SHELL', '/bin/bash'), ('LC_NAME', 'zh_CN.UTF-8'), ('LESSCLOSE', '/usr/bin/lesspipe %s %s'), ('LC_MEASUREMENT', 'zh_CN.UTF-8'), ('LC_IDENTIFICATION', 'zh_CN.UTF-8'), ('VSCODE_GIT_ASKPASS_EXTRA_ARGS', ''), ('PWD', '/home/jialimeng/duo_package_expersence/build/cpp02_topic'), ('SSH_CONNECTION', '192.168.110.109 49964 192.168.110.162 22'), ('XDG_DATA_DIRS', '/usr/share/gnome:/usr/local/share:/usr/share:/var/lib/snapd/desktop'), ('PYTHONPATH', '/opt/ros/humble/lib/python3.10/site-packages:/opt/ros/humble/local/lib/python3.10/dist-packages'), ('LC_NUMERIC', 'zh_CN.UTF-8'), ('LC_PAPER', 'zh_CN.UTF-8'), ('COLCON', '1'), ('CMAKE_PREFIX_PATH', '/home/jialimeng/duo_package_expersence/install/cpp01_topic:/opt/ros/humble')]), 'shell': False}
[1.501322] (-) TimerEvent: {}
[1.526408] (cpp02_topic) StdoutLine: {'line': b'[ 50%] \x1b[32mBuilding CXX object CMakeFiles/helloworld.dir/src/helloworld.cpp.o\x1b[0m\n'}
[1.601446] (-) TimerEvent: {}
[1.696442] (cpp02_topic) StdoutLine: {'line': b'[100%] \x1b[32m\x1b[1mLinking CXX executable helloworld\x1b[0m\n'}
[1.701585] (-) TimerEvent: {}
[1.704079] (cpp02_topic) StderrLine: {'line': b'/usr/bin/ld: cannot find -lmycat: No such file or directory\n'}
[1.704193] (cpp02_topic) StderrLine: {'line': b'/usr/bin/ld: cannot find -lmydog: No such file or directory\n'}
[1.718934] (cpp02_topic) StderrLine: {'line': b'collect2: error: ld returned 1 exit status\n'}
[1.719797] (cpp02_topic) StderrLine: {'line': b'gmake[2]: *** [CMakeFiles/helloworld.dir/build.make:159: helloworld] Error 1\n'}
[1.719873] (cpp02_topic) StderrLine: {'line': b'gmake[1]: *** [CMakeFiles/Makefile2:137: CMakeFiles/helloworld.dir/all] Error 2\n'}
[1.720131] (cpp02_topic) StderrLine: {'line': b'gmake: *** [Makefile:146: all] Error 2\n'}
[1.721238] (cpp02_topic) CommandEnded: {'returncode': 2}
[1.737824] (cpp02_topic) JobEnded: {'identifier': 'cpp02_topic', 'rc': 2}
[1.748075] (-) EventReactorShutdown: {}
